#
# There is insufficient memory for the Java Runtime Environment to continue.
# Native memory allocation (mmap) failed to map 37748736 bytes. Error detail: G1 virtual space
# Possible reasons:
#   The system is out of physical RAM or swap space
#   This process is running with CompressedOops enabled, and the Java Heap may be blocking the growth of the native heap
# Possible solutions:
#   Reduce memory load on the system
#   Increase physical memory or swap space
#   Check if swap backing store is full
#   Decrease Java heap size (-Xmx/-Xms)
#   Decrease number of Java threads
#   Decrease Java thread stack sizes (-Xss)
#   Set larger code cache with -XX:ReservedCodeCacheSize=
#   JVM is running with Zero Based Compressed Oops mode in which the Java heap is
#     placed in the first 32GB address space. The Java Heap base address is the
#     maximum limit for the native heap growth. Please use -XX:HeapBaseMinAddress
#     to set the Java Heap base and to place the Java Heap above 32GB virtual address.
# This output file may be truncated or incomplete.
#
#  Out of Memory Error (os_windows.cpp:3564), pid=6680, tid=26756
#
# JRE version: Java(TM) SE Runtime Environment (24.0.1+9) (build 24.0.1+9-30)
# Java VM: Java HotSpot(TM) 64-Bit Server VM (24.0.1+9-30, mixed mode, sharing, tiered, compressed oops, compressed class ptrs, g1 gc, windows-amd64)
# No core dump will be written. Minidumps are not enabled by default on client versions of Windows
#

---------------  S U M M A R Y ------------

Command Line: --add-opens=java.base/java.lang=ALL-UNNAMED --add-opens=java.base/java.lang.invoke=ALL-UNNAMED --add-opens=java.base/java.util=ALL-UNNAMED --add-opens=java.prefs/java.util.prefs=ALL-UNNAMED --add-exports=jdk.compiler/com.sun.tools.javac.api=ALL-UNNAMED --add-exports=jdk.compiler/com.sun.tools.javac.util=ALL-UNNAMED --add-opens=java.base/java.util=ALL-UNNAMED --add-opens=java.prefs/java.util.prefs=ALL-UNNAMED --add-opens=java.base/java.nio.charset=ALL-UNNAMED --add-opens=java.base/java.net=ALL-UNNAMED --add-opens=java.base/java.util.concurrent.atomic=ALL-UNNAMED --add-opens=java.xml/javax.xml.namespace=ALL-UNNAMED --enable-native-access=ALL-UNNAMED -XX:MaxMetaspaceSize=4G -XX:ReservedCodeCacheSize=512m -XX:+HeapDumpOnOutOfMemoryError -Xmx8G -Dfile.encoding=UTF-8 -Duser.country=IN -Duser.language=en -Duser.variant -javaagent:C:\Users\Akash jogiya\.gradle\wrapper\dists\gradle-8.14-all\c2qonpi39x1mddn7hk5gh9iqj\gradle-8.14\lib\agents\gradle-instrumentation-agent-8.14.jar org.gradle.launcher.daemon.bootstrap.GradleDaemon 8.14

Host: AMD Ryzen 7 7435HS                             , 16 cores, 15G,  Windows 11 , 64 bit Build 26100 (10.0.26100.7920)
Time: Fri Mar 20 15:33:10 2026 India Standard Time elapsed time: 13.768123 seconds (0d 0h 0m 13s)

---------------  T H R E A D  ---------------

Current thread (0x0000017cf62b76d0):  VMThread "VM Thread"          [id=26756, stack(0x0000006ebf300000,0x0000006ebf400000) (1024K)]

Stack: [0x0000006ebf300000,0x0000006ebf400000]
Native frames: (J=compiled Java code, j=interpreted, Vv=VM code, C=native code)
V  [jvm.dll+0x730739]  (no source info available)
V  [jvm.dll+0x8d9b23]  (no source info available)
V  [jvm.dll+0x8dc00d]  (no source info available)
V  [jvm.dll+0x8dc683]  (no source info available)
V  [jvm.dll+0x2aa086]  (no source info available)
V  [jvm.dll+0x72cc65]  (no source info available)
V  [jvm.dll+0x72059a]  (no source info available)
V  [jvm.dll+0x390cea]  (no source info available)
V  [jvm.dll+0x3989f6]  (no source info available)
V  [jvm.dll+0x38523e]  (no source info available)
V  [jvm.dll+0x3854f8]  (no source info available)
V  [jvm.dll+0x35d0cc]  (no source info available)
V  [jvm.dll+0x35d15a]  (no source info available)
V  [jvm.dll+0x3aa702]  (no source info available)
V  [jvm.dll+0x3a8d82]  (no source info available)
V  [jvm.dll+0x35c897]  (no source info available)
V  [jvm.dll+0x3a8534]  (no source info available)
V  [jvm.dll+0x8e2742]  (no source info available)
V  [jvm.dll+0x8e3a8c]  (no source info available)
V  [jvm.dll+0x8e3ff8]  (no source info available)
V  [jvm.dll+0x8e4293]  (no source info available)
V  [jvm.dll+0x87d76b]  (no source info available)
V  [jvm.dll+0x72ee55]  (no source info available)
C  [ucrtbase.dll+0x37b0]  (no source info available)
C  [KERNEL32.DLL+0x2e8d7]  (no source info available)
C  [ntdll.dll+0x8c48c]  (no source info available)

VM_Operation (0x0000006ec0ff54c0): G1CollectForAllocation, mode: safepoint, requested by thread 0x0000017d40457050


---------------  P R O C E S S  ---------------

Threads class SMR info:
_java_thread_list=0x0000017d41d7a7f0, length=197, elements={
0x0000017cc2ba1ae0, 0x0000017cf90a61e0, 0x0000017cf90a6920, 0x0000017cf90a7520,
0x0000017cf90a82d0, 0x0000017cf90a8e00, 0x0000017cf90aba70, 0x0000017cf90c8010,
0x0000017cf90cacd0, 0x0000017cf9174ae0, 0x0000017cf91bc7c0, 0x0000017cf9348570,
0x0000017cf93b9b80, 0x0000017d3f5cf1b0, 0x0000017d402636f0, 0x0000017d40408cd0,
0x0000017d401f10b0, 0x0000017d40357f60, 0x0000017d400ac8b0, 0x0000017d40456900,
0x0000017d40457050, 0x0000017d40454bc0, 0x0000017d404577a0, 0x0000017d40457ef0,
0x0000017d40455a60, 0x0000017d404561b0, 0x0000017d40837260, 0x0000017d40838850,
0x0000017d40835520, 0x0000017d408363c0, 0x0000017d40838fa0, 0x0000017d40836b10,
0x0000017d40838100, 0x0000017d4083bb80, 0x0000017d4083c2d0, 0x0000017d40839e40,
0x0000017d4083a590, 0x0000017d4083ace0, 0x0000017d42328c90, 0x0000017d42329b30,
0x0000017d4232a280, 0x0000017d42326f50, 0x0000017d423276a0, 0x0000017d423293e0,
0x0000017d4232a9d0, 0x0000017d4232b120, 0x0000017d42327df0, 0x0000017d4232b870,
0x0000017d42328540, 0x0000017d4232c710, 0x0000017d4232bfc0, 0x0000017d4232d5b0,
0x0000017d4232ce60, 0x0000017d4232dd00, 0x0000017d4232e450, 0x0000017d41b06a80,
0x0000017d41b06330, 0x0000017d41b071d0, 0x0000017d41b087c0, 0x0000017d41b07920,
0x0000017d41b08070, 0x0000017d41b05be0, 0x0000017d41b05490, 0x0000017d41b0c240,
0x0000017d41b0a500, 0x0000017d41b0ac50, 0x0000017d41b0b3a0, 0x0000017d41b0baf0,
0x0000017d41b08f10, 0x0000017d41b0c990, 0x0000017d41b09660, 0x0000017d41b09db0,
0x0000017d4218e990, 0x0000017d4218f0e0, 0x0000017d4218ff80, 0x0000017d4218f830,
0x0000017d421906d0, 0x0000017d4218e240, 0x0000017d4218d3a0, 0x0000017d42190e20,
0x0000017d4218daf0, 0x0000017d421948a0, 0x0000017d42194150, 0x0000017d42192b60,
0x0000017d42191570, 0x0000017d44425af0, 0x0000017d444271a0, 0x0000017d427e37c0,
0x0000017d427e2920, 0x0000017d427e3f10, 0x0000017d427e1330, 0x0000017d427e0be0,
0x0000017d427e4660, 0x0000017d427e4db0, 0x0000017d427e63a0, 0x0000017d427e5500,
0x0000017d427e7240, 0x0000017d427e5c50, 0x0000017d427e6af0, 0x0000017d40455310,
0x0000017d43bd9660, 0x0000017d43bd9db0, 0x0000017d43bda500, 0x0000017d43bd8070,
0x0000017d43bd71d0, 0x0000017d43bd87c0, 0x0000017d43bd8f10, 0x0000017d419ec7b0,
0x0000017d419e9480, 0x0000017d419ea320, 0x0000017d419ecf00, 0x0000017d419e9bd0,
0x0000017d419ed650, 0x0000017d419ec060, 0x0000017d419edda0, 0x0000017d419eaa70,
0x0000017d419ee4f0, 0x0000017d419eb1c0, 0x0000017d419eb910, 0x0000017d419eec40,
0x0000017d419ef390, 0x0000017d419efae0, 0x0000017d419f0230, 0x0000017d419f0980,
0x0000017d43429b60, 0x0000017d4342a2b0, 0x0000017d4342aa00, 0x0000017d434276d0,
0x0000017d4342b150, 0x0000017d43427e20, 0x0000017d43428570, 0x0000017d4342bff0,
0x0000017d4342b8a0, 0x0000017d43428cc0, 0x0000017d4342c740, 0x0000017d43429410,
0x0000017d4342ce90, 0x0000017d4342d5e0, 0x0000017d4342dd30, 0x0000017d4342e480,
0x0000017d4342ebd0, 0x0000017d434ff3b0, 0x0000017d43500250, 0x0000017d435009a0,
0x0000017d435010f0, 0x0000017d434ffb00, 0x0000017d43501f90, 0x0000017d43503580,
0x0000017d43503cd0, 0x0000017d444280c0, 0x0000017d435026e0, 0x0000017d43504420,
0x0000017d43501840, 0x0000017d435052c0, 0x0000017d43505a10, 0x0000017d43506160,
0x0000017d435068b0, 0x0000017d433a0550, 0x0000017d4339ef60, 0x0000017d4339d970,
0x0000017d4339fe00, 0x0000017d433a13f0, 0x0000017d433a0ca0, 0x0000017d4339f6b0,
0x0000017d4339e810, 0x0000017d4339e0c0, 0x0000017d433a1b40, 0x0000017d433a4720,
0x0000017d433a4e70, 0x0000017d433a3880, 0x0000017d433a55c0, 0x0000017d433a3fd0,
0x0000017d433a2290, 0x0000017d433a29e0, 0x0000017d433a5d10, 0x0000017d433a6460,
0x0000017d433a3130, 0x0000017d433a9ee0, 0x0000017d433a9040, 0x0000017d433a7300,
0x0000017d433a9790, 0x0000017d433a6bb0, 0x0000017d433aad80, 0x0000017d433a7a50,
0x0000017d433a88f0, 0x0000017d433ab4d0, 0x0000017d433a81a0, 0x0000017d433ac370,
0x0000017d433abc20, 0x0000017d433acac0, 0x0000017d404def80, 0x0000017d404dbc50,
0x0000017d404de830, 0x0000017d404dd990, 0x0000017d404de0e0, 0x0000017d404dd240,
0x0000017d404df6d0
}

Java Threads: ( => current thread )
  0x0000017cc2ba1ae0 JavaThread "main"                              [_thread_blocked, id=20900, stack(0x0000006ebec00000,0x0000006ebed00000) (1024K)]
  0x0000017cf90a61e0 JavaThread "Reference Handler"          daemon [_thread_blocked, id=33068, stack(0x0000006ebf400000,0x0000006ebf500000) (1024K)]
  0x0000017cf90a6920 JavaThread "Finalizer"                  daemon [_thread_blocked, id=28928, stack(0x0000006ebf500000,0x0000006ebf600000) (1024K)]
  0x0000017cf90a7520 JavaThread "Signal Dispatcher"          daemon [_thread_blocked, id=7992, stack(0x0000006ebf600000,0x0000006ebf700000) (1024K)]
  0x0000017cf90a82d0 JavaThread "Attach Listener"            daemon [_thread_blocked, id=24704, stack(0x0000006ebf700000,0x0000006ebf800000) (1024K)]
  0x0000017cf90a8e00 JavaThread "Service Thread"             daemon [_thread_blocked, id=23316, stack(0x0000006ebf800000,0x0000006ebf900000) (1024K)]
  0x0000017cf90aba70 JavaThread "Monitor Deflation Thread"   daemon [_thread_blocked, id=18820, stack(0x0000006ebf900000,0x0000006ebfa00000) (1024K)]
  0x0000017cf90c8010 JavaThread "C2 CompilerThread0"         daemon [_thread_blocked, id=6180, stack(0x0000006ebfa00000,0x0000006ebfb00000) (1024K)]
  0x0000017cf90cacd0 JavaThread "C1 CompilerThread0"         daemon [_thread_blocked, id=4316, stack(0x0000006ebfb00000,0x0000006ebfc00000) (1024K)]
  0x0000017cf9174ae0 JavaThread "C1 CompilerThread1"         daemon [_thread_blocked, id=676, stack(0x0000006ebfc00000,0x0000006ebfd00000) (1024K)]
  0x0000017cf91bc7c0 JavaThread "C1 CompilerThread2"         daemon [_thread_blocked, id=14416, stack(0x0000006ebfd00000,0x0000006ebfe00000) (1024K)]
  0x0000017cf9348570 JavaThread "Common-Cleaner"             daemon [_thread_blocked, id=27784, stack(0x0000006ebff00000,0x0000006ec0000000) (1024K)]
  0x0000017cf93b9b80 JavaThread "Notification Thread"        daemon [_thread_blocked, id=34524, stack(0x0000006ec0000000,0x0000006ec0100000) (1024K)]
  0x0000017d3f5cf1b0 JavaThread "C1 CompilerThread3"         daemon [_thread_blocked, id=32352, stack(0x0000006ec0400000,0x0000006ec0500000) (1024K)]
  0x0000017d402636f0 JavaThread "Daemon health stats"               [_thread_blocked, id=21100, stack(0x0000006ec0300000,0x0000006ec0400000) (1024K)]
  0x0000017d40408cd0 JavaThread "Incoming local TCP Connector on port 62101"        [_thread_in_native, id=21620, stack(0x0000006ec0a00000,0x0000006ec0b00000) (1024K)]
  0x0000017d401f10b0 JavaThread "Daemon periodic checks"            [_thread_blocked, id=17640, stack(0x0000006ec0b00000,0x0000006ec0c00000) (1024K)]
  0x0000017d40357f60 JavaThread "Daemon"                            [_thread_blocked, id=32392, stack(0x0000006ec0c00000,0x0000006ec0d00000) (1024K)]
  0x0000017d400ac8b0 JavaThread "Handler for socket connection from /127.0.0.1:62101 to /127.0.0.1:62102"        [_thread_in_native, id=33696, stack(0x0000006ec0d00000,0x0000006ec0e00000) (1024K)]
  0x0000017d40456900 JavaThread "Cancel handler"                    [_thread_blocked, id=2072, stack(0x0000006ec0e00000,0x0000006ec0f00000) (1024K)]
  0x0000017d40457050 JavaThread "Daemon worker"                     [_thread_blocked, id=14888, stack(0x0000006ec0f00000,0x0000006ec1000000) (1024K)]
  0x0000017d40454bc0 JavaThread "Asynchronous log dispatcher for DefaultDaemonConnection: socket connection from /127.0.0.1:62101 to /127.0.0.1:62102"        [_thread_blocked, id=18264, stack(0x0000006ec1000000,0x0000006ec1100000) (1024K)]
  0x0000017d404577a0 JavaThread "Stdin handler"                     [_thread_blocked, id=17832, stack(0x0000006ec1100000,0x0000006ec1200000) (1024K)]
  0x0000017d40457ef0 JavaThread "Daemon client event forwarder"        [_thread_blocked, id=23524, stack(0x0000006ec1200000,0x0000006ec1300000) (1024K)]
  0x0000017d40455a60 JavaThread "Cache worker for journal cache (C:\Users\Akash jogiya\.gradle\caches\journal-1)"        [_thread_blocked, id=2412, stack(0x0000006ec1a00000,0x0000006ec1b00000) (1024K)]
  0x0000017d404561b0 JavaThread "File lock request listener"        [_thread_in_native, id=3532, stack(0x0000006ec1b00000,0x0000006ec1c00000) (1024K)]
  0x0000017d40837260 JavaThread "Cache worker for file hash cache (C:\Users\Akash jogiya\.gradle\caches\8.14\fileHashes)"        [_thread_blocked, id=34368, stack(0x0000006ec1c00000,0x0000006ec1d00000) (1024K)]
  0x0000017d40838850 JavaThread "Cache worker for file hash cache (E:\flutter problemsheet\problemsheet\problemsheet\android\.gradle\8.14\fileHashes)"        [_thread_blocked, id=3544, stack(0x0000006ec1f00000,0x0000006ec2000000) (1024K)]
  0x0000017d40835520 JavaThread "Cache worker for Build Output Cleanup Cache (E:\flutter problemsheet\problemsheet\problemsheet\android\.gradle\buildOutputCleanup)"        [_thread_blocked, id=26460, stack(0x0000006ec2000000,0x0000006ec2100000) (1024K)]
  0x0000017d408363c0 JavaThread "File watcher server"        daemon [_thread_in_native, id=20476, stack(0x0000006ec2100000,0x0000006ec2200000) (1024K)]
  0x0000017d40838fa0 JavaThread "File watcher consumer"      daemon [_thread_blocked, id=19296, stack(0x0000006ec2200000,0x0000006ec2300000) (1024K)]
  0x0000017d40836b10 JavaThread "jar transforms"                    [_thread_blocked, id=23084, stack(0x0000006ec0200000,0x0000006ec0300000) (1024K)]
  0x0000017d40838100 JavaThread "jar transforms Thread 2"           [_thread_blocked, id=4240, stack(0x0000006ec2300000,0x0000006ec2400000) (1024K)]
  0x0000017d4083bb80 JavaThread "Cache worker for checksums cache (E:\flutter problemsheet\problemsheet\problemsheet\android\.gradle\8.14\checksums)"        [_thread_blocked, id=32324, stack(0x0000006ec2600000,0x0000006ec2700000) (1024K)]
  0x0000017d4083c2d0 JavaThread "Cache worker for file content cache (C:\Users\Akash jogiya\.gradle\caches\8.14\fileContent)"        [_thread_blocked, id=19084, stack(0x0000006ec2700000,0x0000006ec2800000) (1024K)]
  0x0000017d40839e40 JavaThread "Cache worker for cache directory md-supplier (C:\Users\Akash jogiya\.gradle\caches\8.14\md-supplier)"        [_thread_blocked, id=27996, stack(0x0000006ec2800000,0x0000006ec2900000) (1024K)]
  0x0000017d4083a590 JavaThread "Cache worker for cache directory md-rule (C:\Users\Akash jogiya\.gradle\caches\8.14\md-rule)"        [_thread_blocked, id=16140, stack(0x0000006ec2900000,0x0000006ec2a00000) (1024K)]
  0x0000017d4083ace0 JavaThread "Cache worker for Build Output Cleanup Cache (E:\Flutter\flutter\packages\flutter_tools\gradle\.gradle\buildOutputCleanup)"        [_thread_blocked, id=34048, stack(0x0000006ec2400000,0x0000006ec2500000) (1024K)]
  0x0000017d42328c90 JavaThread "Unconstrained build operations"        [_thread_blocked, id=10744, stack(0x0000006ec2a00000,0x0000006ec2b00000) (1024K)]
  0x0000017d42329b30 JavaThread "Unconstrained build operations Thread 2"        [_thread_blocked, id=13784, stack(0x0000006ec2b00000,0x0000006ec2c00000) (1024K)]
  0x0000017d4232a280 JavaThread "Unconstrained build operations Thread 3"        [_thread_blocked, id=26696, stack(0x0000006ec2c00000,0x0000006ec2d00000) (1024K)]
  0x0000017d42326f50 JavaThread "Unconstrained build operations Thread 4"        [_thread_blocked, id=12796, stack(0x0000006ec2d00000,0x0000006ec2e00000) (1024K)]
  0x0000017d423276a0 JavaThread "Unconstrained build operations Thread 5"        [_thread_blocked, id=34584, stack(0x0000006ec2e00000,0x0000006ec2f00000) (1024K)]
  0x0000017d423293e0 JavaThread "Unconstrained build operations Thread 6"        [_thread_blocked, id=31608, stack(0x0000006ec2f00000,0x0000006ec3000000) (1024K)]
  0x0000017d4232a9d0 JavaThread "Unconstrained build operations Thread 7"        [_thread_blocked, id=24916, stack(0x0000006ec3000000,0x0000006ec3100000) (1024K)]
  0x0000017d4232b120 JavaThread "Unconstrained build operations Thread 8"        [_thread_blocked, id=5128, stack(0x0000006ec3100000,0x0000006ec3200000) (1024K)]
  0x0000017d42327df0 JavaThread "Unconstrained build operations Thread 9"        [_thread_blocked, id=29756, stack(0x0000006ec3200000,0x0000006ec3300000) (1024K)]
  0x0000017d4232b870 JavaThread "Unconstrained build operations Thread 10"        [_thread_blocked, id=17172, stack(0x0000006ec3300000,0x0000006ec3400000) (1024K)]
  0x0000017d42328540 JavaThread "Unconstrained build operations Thread 11"        [_thread_blocked, id=16532, stack(0x0000006ec3400000,0x0000006ec3500000) (1024K)]
  0x0000017d4232c710 JavaThread "Unconstrained build operations Thread 12"        [_thread_blocked, id=28792, stack(0x0000006ec3500000,0x0000006ec3600000) (1024K)]
  0x0000017d4232bfc0 JavaThread "Unconstrained build operations Thread 13"        [_thread_blocked, id=3716, stack(0x0000006ec3600000,0x0000006ec3700000) (1024K)]
  0x0000017d4232d5b0 JavaThread "Unconstrained build operations Thread 14"        [_thread_blocked, id=8560, stack(0x0000006ec3700000,0x0000006ec3800000) (1024K)]
  0x0000017d4232ce60 JavaThread "Unconstrained build operations Thread 15"        [_thread_blocked, id=31316, stack(0x0000006ec3800000,0x0000006ec3900000) (1024K)]
  0x0000017d4232dd00 JavaThread "Unconstrained build operations Thread 16"        [_thread_blocked, id=25120, stack(0x0000006ec3900000,0x0000006ec3a00000) (1024K)]
  0x0000017d4232e450 JavaThread "Unconstrained build operations Thread 17"        [_thread_blocked, id=30188, stack(0x0000006ec3a00000,0x0000006ec3b00000) (1024K)]
  0x0000017d41b06a80 JavaThread "Unconstrained build operations Thread 18"        [_thread_blocked, id=20604, stack(0x0000006ec3b00000,0x0000006ec3c00000) (1024K)]
  0x0000017d41b06330 JavaThread "Unconstrained build operations Thread 19"        [_thread_blocked, id=15352, stack(0x0000006ec3c00000,0x0000006ec3d00000) (1024K)]
  0x0000017d41b071d0 JavaThread "Unconstrained build operations Thread 20"        [_thread_blocked, id=13956, stack(0x0000006ec3d00000,0x0000006ec3e00000) (1024K)]
  0x0000017d41b087c0 JavaThread "Unconstrained build operations Thread 21"        [_thread_blocked, id=32108, stack(0x0000006ec3e00000,0x0000006ec3f00000) (1024K)]
  0x0000017d41b07920 JavaThread "Unconstrained build operations Thread 22"        [_thread_blocked, id=12040, stack(0x0000006ec3f00000,0x0000006ec4000000) (1024K)]
  0x0000017d41b08070 JavaThread "Unconstrained build operations Thread 23"        [_thread_blocked, id=14648, stack(0x0000006ec4000000,0x0000006ec4100000) (1024K)]
  0x0000017d41b05be0 JavaThread "Unconstrained build operations Thread 24"        [_thread_blocked, id=19560, stack(0x0000006ec4100000,0x0000006ec4200000) (1024K)]
  0x0000017d41b05490 JavaThread "Unconstrained build operations Thread 25"        [_thread_blocked, id=30180, stack(0x0000006ec4200000,0x0000006ec4300000) (1024K)]
  0x0000017d41b0c240 JavaThread "Unconstrained build operations Thread 26"        [_thread_blocked, id=12176, stack(0x0000006ec4300000,0x0000006ec4400000) (1024K)]
  0x0000017d41b0a500 JavaThread "Unconstrained build operations Thread 27"        [_thread_blocked, id=12560, stack(0x0000006ec4400000,0x0000006ec4500000) (1024K)]
  0x0000017d41b0ac50 JavaThread "Unconstrained build operations Thread 28"        [_thread_blocked, id=21260, stack(0x0000006ec4500000,0x0000006ec4600000) (1024K)]
  0x0000017d41b0b3a0 JavaThread "Unconstrained build operations Thread 29"        [_thread_blocked, id=22416, stack(0x0000006ec4600000,0x0000006ec4700000) (1024K)]
  0x0000017d41b0baf0 JavaThread "Unconstrained build operations Thread 30"        [_thread_blocked, id=34108, stack(0x0000006ec4700000,0x0000006ec4800000) (1024K)]
  0x0000017d41b08f10 JavaThread "Unconstrained build operations Thread 31"        [_thread_blocked, id=35240, stack(0x0000006ec4800000,0x0000006ec4900000) (1024K)]
  0x0000017d41b0c990 JavaThread "Unconstrained build operations Thread 32"        [_thread_blocked, id=26992, stack(0x0000006ec4900000,0x0000006ec4a00000) (1024K)]
  0x0000017d41b09660 JavaThread "Unconstrained build operations Thread 33"        [_thread_blocked, id=15592, stack(0x0000006ec4a00000,0x0000006ec4b00000) (1024K)]
  0x0000017d41b09db0 JavaThread "Unconstrained build operations Thread 34"        [_thread_blocked, id=24792, stack(0x0000006ec4b00000,0x0000006ec4c00000) (1024K)]
  0x0000017d4218e990 JavaThread "Unconstrained build operations Thread 35"        [_thread_blocked, id=20128, stack(0x0000006ec4c00000,0x0000006ec4d00000) (1024K)]
  0x0000017d4218f0e0 JavaThread "Unconstrained build operations Thread 36"        [_thread_blocked, id=14392, stack(0x0000006ec4d00000,0x0000006ec4e00000) (1024K)]
  0x0000017d4218ff80 JavaThread "Unconstrained build operations Thread 37"        [_thread_blocked, id=25348, stack(0x0000006ec4e00000,0x0000006ec4f00000) (1024K)]
  0x0000017d4218f830 JavaThread "Unconstrained build operations Thread 38"        [_thread_blocked, id=31024, stack(0x0000006ec4f00000,0x0000006ec5000000) (1024K)]
  0x0000017d421906d0 JavaThread "Unconstrained build operations Thread 39"        [_thread_blocked, id=18320, stack(0x0000006ec5000000,0x0000006ec5100000) (1024K)]
  0x0000017d4218e240 JavaThread "Unconstrained build operations Thread 40"        [_thread_blocked, id=2104, stack(0x0000006ec5100000,0x0000006ec5200000) (1024K)]
  0x0000017d4218d3a0 JavaThread "Unconstrained build operations Thread 41"        [_thread_blocked, id=10824, stack(0x0000006ec5200000,0x0000006ec5300000) (1024K)]
  0x0000017d42190e20 JavaThread "Unconstrained build operations Thread 42"        [_thread_blocked, id=2428, stack(0x0000006ec5300000,0x0000006ec5400000) (1024K)]
  0x0000017d4218daf0 JavaThread "Unconstrained build operations Thread 43"        [_thread_blocked, id=14268, stack(0x0000006ec5400000,0x0000006ec5500000) (1024K)]
  0x0000017d421948a0 JavaThread "Unconstrained build operations Thread 44"        [_thread_blocked, id=17996, stack(0x0000006ec5500000,0x0000006ec5600000) (1024K)]
  0x0000017d42194150 JavaThread "Unconstrained build operations Thread 45"        [_thread_blocked, id=35264, stack(0x0000006ec5600000,0x0000006ec5700000) (1024K)]
  0x0000017d42192b60 JavaThread "Memory manager"                    [_thread_blocked, id=25888, stack(0x0000006ec5a00000,0x0000006ec5b00000) (1024K)]
  0x0000017d42191570 JavaThread "build event listener"              [_thread_blocked, id=22204, stack(0x0000006ec2500000,0x0000006ec2600000) (1024K)]
  0x0000017d44425af0 JavaThread "C2 CompilerThread1"         daemon [_thread_blocked, id=27708, stack(0x0000006ebfe00000,0x0000006ebff00000) (1024K)]
  0x0000017d444271a0 JavaThread "C2 CompilerThread2"         daemon [_thread_blocked, id=16484, stack(0x0000006ec0100000,0x0000006ec0200000) (1024K)]
  0x0000017d427e37c0 JavaThread "included builds"                   [_thread_blocked, id=8676, stack(0x0000006ec5700000,0x0000006ec5800000) (1024K)]
  0x0000017d427e2920 JavaThread "Execution worker"                  [_thread_blocked, id=30828, stack(0x0000006ec5800000,0x0000006ec5900000) (1024K)]
  0x0000017d427e3f10 JavaThread "Execution worker Thread 2"         [_thread_blocked, id=2088, stack(0x0000006ec5900000,0x0000006ec5a00000) (1024K)]
  0x0000017d427e1330 JavaThread "Execution worker Thread 3"         [_thread_blocked, id=14464, stack(0x0000006ec5b00000,0x0000006ec5c00000) (1024K)]
  0x0000017d427e0be0 JavaThread "Execution worker Thread 4"         [_thread_blocked, id=22712, stack(0x0000006ec5c00000,0x0000006ec5d00000) (1024K)]
  0x0000017d427e4660 JavaThread "Execution worker Thread 5"         [_thread_blocked, id=16664, stack(0x0000006ec5d00000,0x0000006ec5e00000) (1024K)]
  0x0000017d427e4db0 JavaThread "Execution worker Thread 6"         [_thread_blocked, id=24468, stack(0x0000006ec5e00000,0x0000006ec5f00000) (1024K)]
  0x0000017d427e63a0 JavaThread "Execution worker Thread 7"         [_thread_blocked, id=19700, stack(0x0000006ec5f00000,0x0000006ec6000000) (1024K)]
  0x0000017d427e5500 JavaThread "Execution worker Thread 8"         [_thread_blocked, id=33932, stack(0x0000006ec6000000,0x0000006ec6100000) (1024K)]
  0x0000017d427e7240 JavaThread "Execution worker Thread 9"         [_thread_blocked, id=26876, stack(0x0000006ec6100000,0x0000006ec6200000) (1024K)]
  0x0000017d427e5c50 JavaThread "Execution worker Thread 10"        [_thread_blocked, id=16620, stack(0x0000006ec6200000,0x0000006ec6300000) (1024K)]
  0x0000017d427e6af0 JavaThread "Execution worker Thread 11"        [_thread_blocked, id=24056, stack(0x0000006ec6300000,0x0000006ec6400000) (1024K)]
  0x0000017d40455310 JavaThread "Execution worker Thread 12"        [_thread_blocked, id=20412, stack(0x0000006ec6400000,0x0000006ec6500000) (1024K)]
  0x0000017d43bd9660 JavaThread "Execution worker Thread 13"        [_thread_blocked, id=16456, stack(0x0000006ec6500000,0x0000006ec6600000) (1024K)]
  0x0000017d43bd9db0 JavaThread "Execution worker Thread 14"        [_thread_blocked, id=32304, stack(0x0000006ec6600000,0x0000006ec6700000) (1024K)]
  0x0000017d43bda500 JavaThread "Execution worker Thread 15"        [_thread_blocked, id=33676, stack(0x0000006ec6700000,0x0000006ec6800000) (1024K)]
  0x0000017d43bd8070 JavaThread "Cache worker for execution history cache (E:\Flutter\flutter\packages\flutter_tools\gradle\.gradle\8.14\executionHistory)"        [_thread_blocked, id=13596, stack(0x0000006ec6800000,0x0000006ec6900000) (1024K)]
  0x0000017d43bd71d0 JavaThread "Unconstrained build operations Thread 46"        [_thread_blocked, id=25024, stack(0x0000006ec6900000,0x0000006ec6a00000) (1024K)]
  0x0000017d43bd87c0 JavaThread "Unconstrained build operations Thread 47"        [_thread_blocked, id=3108, stack(0x0000006ec6a00000,0x0000006ec6b00000) (1024K)]
  0x0000017d43bd8f10 JavaThread "Unconstrained build operations Thread 48"        [_thread_blocked, id=25176, stack(0x0000006ec6b00000,0x0000006ec6c00000) (1024K)]
  0x0000017d419ec7b0 JavaThread "Unconstrained build operations Thread 49"        [_thread_blocked, id=32364, stack(0x0000006ec6c00000,0x0000006ec6d00000) (1024K)]
  0x0000017d419e9480 JavaThread "Unconstrained build operations Thread 50"        [_thread_blocked, id=32100, stack(0x0000006ec6d00000,0x0000006ec6e00000) (1024K)]
  0x0000017d419ea320 JavaThread "Unconstrained build operations Thread 51"        [_thread_blocked, id=12196, stack(0x0000006ec6e00000,0x0000006ec6f00000) (1024K)]
  0x0000017d419ecf00 JavaThread "Unconstrained build operations Thread 52"        [_thread_blocked, id=11172, stack(0x0000006ec6f00000,0x0000006ec7000000) (1024K)]
  0x0000017d419e9bd0 JavaThread "Unconstrained build operations Thread 53"        [_thread_blocked, id=11520, stack(0x0000006ec7000000,0x0000006ec7100000) (1024K)]
  0x0000017d419ed650 JavaThread "Unconstrained build operations Thread 54"        [_thread_blocked, id=6140, stack(0x0000006ec7100000,0x0000006ec7200000) (1024K)]
  0x0000017d419ec060 JavaThread "Unconstrained build operations Thread 55"        [_thread_blocked, id=5136, stack(0x0000006ec7200000,0x0000006ec7300000) (1024K)]
  0x0000017d419edda0 JavaThread "Unconstrained build operations Thread 56"        [_thread_blocked, id=31012, stack(0x0000006ec7300000,0x0000006ec7400000) (1024K)]
  0x0000017d419eaa70 JavaThread "Unconstrained build operations Thread 57"        [_thread_blocked, id=14408, stack(0x0000006ec7400000,0x0000006ec7500000) (1024K)]
  0x0000017d419ee4f0 JavaThread "Unconstrained build operations Thread 58"        [_thread_blocked, id=19856, stack(0x0000006ec7500000,0x0000006ec7600000) (1024K)]
  0x0000017d419eb1c0 JavaThread "Unconstrained build operations Thread 59"        [_thread_blocked, id=2456, stack(0x0000006ec7600000,0x0000006ec7700000) (1024K)]
  0x0000017d419eb910 JavaThread "Unconstrained build operations Thread 60"        [_thread_blocked, id=26844, stack(0x0000006ec7700000,0x0000006ec7800000) (1024K)]
  0x0000017d419eec40 JavaThread "Unconstrained build operations Thread 61"        [_thread_blocked, id=27416, stack(0x0000006ec7800000,0x0000006ec7900000) (1024K)]
  0x0000017d419ef390 JavaThread "Unconstrained build operations Thread 62"        [_thread_blocked, id=13124, stack(0x0000006ec7900000,0x0000006ec7a00000) (1024K)]
  0x0000017d419efae0 JavaThread "Unconstrained build operations Thread 63"        [_thread_blocked, id=13652, stack(0x0000006ec7a00000,0x0000006ec7b00000) (1024K)]
  0x0000017d419f0230 JavaThread "Unconstrained build operations Thread 64"        [_thread_blocked, id=29200, stack(0x0000006ec7b00000,0x0000006ec7c00000) (1024K)]
  0x0000017d419f0980 JavaThread "Unconstrained build operations Thread 65"        [_thread_blocked, id=30968, stack(0x0000006ec7c00000,0x0000006ec7d00000) (1024K)]
  0x0000017d43429b60 JavaThread "Unconstrained build operations Thread 66"        [_thread_blocked, id=34608, stack(0x0000006ec7d00000,0x0000006ec7e00000) (1024K)]
  0x0000017d4342a2b0 JavaThread "Unconstrained build operations Thread 67"        [_thread_blocked, id=23628, stack(0x0000006ec7e00000,0x0000006ec7f00000) (1024K)]
  0x0000017d4342aa00 JavaThread "Unconstrained build operations Thread 68"        [_thread_blocked, id=21944, stack(0x0000006ec7f00000,0x0000006ec8000000) (1024K)]
  0x0000017d434276d0 JavaThread "Unconstrained build operations Thread 69"        [_thread_blocked, id=19964, stack(0x0000006ec8000000,0x0000006ec8100000) (1024K)]
  0x0000017d4342b150 JavaThread "Unconstrained build operations Thread 70"        [_thread_blocked, id=14316, stack(0x0000006ec8100000,0x0000006ec8200000) (1024K)]
  0x0000017d43427e20 JavaThread "Unconstrained build operations Thread 71"        [_thread_blocked, id=20388, stack(0x0000006ec8200000,0x0000006ec8300000) (1024K)]
  0x0000017d43428570 JavaThread "Unconstrained build operations Thread 72"        [_thread_blocked, id=11656, stack(0x0000006ec8300000,0x0000006ec8400000) (1024K)]
  0x0000017d4342bff0 JavaThread "Unconstrained build operations Thread 73"        [_thread_blocked, id=26924, stack(0x0000006ec8400000,0x0000006ec8500000) (1024K)]
  0x0000017d4342b8a0 JavaThread "Unconstrained build operations Thread 74"        [_thread_blocked, id=33592, stack(0x0000006ec8500000,0x0000006ec8600000) (1024K)]
  0x0000017d43428cc0 JavaThread "Unconstrained build operations Thread 75"        [_thread_blocked, id=20284, stack(0x0000006ec8600000,0x0000006ec8700000) (1024K)]
  0x0000017d4342c740 JavaThread "Unconstrained build operations Thread 76"        [_thread_blocked, id=15208, stack(0x0000006ec8700000,0x0000006ec8800000) (1024K)]
  0x0000017d43429410 JavaThread "Unconstrained build operations Thread 77"        [_thread_blocked, id=28984, stack(0x0000006ec8800000,0x0000006ec8900000) (1024K)]
  0x0000017d4342ce90 JavaThread "Unconstrained build operations Thread 78"        [_thread_blocked, id=3308, stack(0x0000006ec8900000,0x0000006ec8a00000) (1024K)]
  0x0000017d4342d5e0 JavaThread "Unconstrained build operations Thread 79"        [_thread_blocked, id=30420, stack(0x0000006ec8a00000,0x0000006ec8b00000) (1024K)]
  0x0000017d4342dd30 JavaThread "Unconstrained build operations Thread 80"        [_thread_blocked, id=32332, stack(0x0000006ec8b00000,0x0000006ec8c00000) (1024K)]
  0x0000017d4342e480 JavaThread "Unconstrained build operations Thread 81"        [_thread_blocked, id=12096, stack(0x0000006ec8c00000,0x0000006ec8d00000) (1024K)]
  0x0000017d4342ebd0 JavaThread "Unconstrained build operations Thread 82"        [_thread_blocked, id=29340, stack(0x0000006ec8d00000,0x0000006ec8e00000) (1024K)]
  0x0000017d434ff3b0 JavaThread "Unconstrained build operations Thread 83"        [_thread_blocked, id=20032, stack(0x0000006ec8e00000,0x0000006ec8f00000) (1024K)]
  0x0000017d43500250 JavaThread "Unconstrained build operations Thread 84"        [_thread_blocked, id=28564, stack(0x0000006ec8f00000,0x0000006ec9000000) (1024K)]
  0x0000017d435009a0 JavaThread "Unconstrained build operations Thread 85"        [_thread_blocked, id=22072, stack(0x0000006ec9000000,0x0000006ec9100000) (1024K)]
  0x0000017d435010f0 JavaThread "Unconstrained build operations Thread 86"        [_thread_blocked, id=34912, stack(0x0000006ec9100000,0x0000006ec9200000) (1024K)]
  0x0000017d434ffb00 JavaThread "Unconstrained build operations Thread 87"        [_thread_blocked, id=23808, stack(0x0000006ec9200000,0x0000006ec9300000) (1024K)]
  0x0000017d43501f90 JavaThread "Unconstrained build operations Thread 88"        [_thread_blocked, id=35448, stack(0x0000006ec9300000,0x0000006ec9400000) (1024K)]
  0x0000017d43503580 JavaThread "Unconstrained build operations Thread 89"        [_thread_blocked, id=17888, stack(0x0000006ec9400000,0x0000006ec9500000) (1024K)]
  0x0000017d43503cd0 JavaThread "Unconstrained build operations Thread 90"        [_thread_blocked, id=34832, stack(0x0000006ec9500000,0x0000006ec9600000) (1024K)]
  0x0000017d444280c0 JavaThread "C2 CompilerThread3"         daemon [_thread_blocked, id=23472, stack(0x0000006ec9600000,0x0000006ec9700000) (1024K)]
  0x0000017d435026e0 JavaThread "Unconstrained build operations Thread 91"        [_thread_blocked, id=31136, stack(0x0000006ec9700000,0x0000006ec9800000) (1024K)]
  0x0000017d43504420 JavaThread "Unconstrained build operations Thread 92"        [_thread_blocked, id=30060, stack(0x0000006ec9800000,0x0000006ec9900000) (1024K)]
  0x0000017d43501840 JavaThread "Unconstrained build operations Thread 93"        [_thread_blocked, id=20300, stack(0x0000006ec9900000,0x0000006ec9a00000) (1024K)]
  0x0000017d435052c0 JavaThread "Unconstrained build operations Thread 94"        [_thread_blocked, id=33420, stack(0x0000006ec9a00000,0x0000006ec9b00000) (1024K)]
  0x0000017d43505a10 JavaThread "Unconstrained build operations Thread 95"        [_thread_blocked, id=33360, stack(0x0000006ec9b00000,0x0000006ec9c00000) (1024K)]
  0x0000017d43506160 JavaThread "Unconstrained build operations Thread 96"        [_thread_blocked, id=11452, stack(0x0000006ec9c00000,0x0000006ec9d00000) (1024K)]
  0x0000017d435068b0 JavaThread "Unconstrained build operations Thread 97"        [_thread_blocked, id=2424, stack(0x0000006ec9d00000,0x0000006ec9e00000) (1024K)]
  0x0000017d433a0550 JavaThread "Unconstrained build operations Thread 98"        [_thread_blocked, id=23748, stack(0x0000006ec9e00000,0x0000006ec9f00000) (1024K)]
  0x0000017d4339ef60 JavaThread "Unconstrained build operations Thread 99"        [_thread_blocked, id=12272, stack(0x0000006ec9f00000,0x0000006eca000000) (1024K)]
  0x0000017d4339d970 JavaThread "Unconstrained build operations Thread 100"        [_thread_blocked, id=28716, stack(0x0000006eca000000,0x0000006eca100000) (1024K)]
  0x0000017d4339fe00 JavaThread "Unconstrained build operations Thread 101"        [_thread_blocked, id=20036, stack(0x0000006eca100000,0x0000006eca200000) (1024K)]
  0x0000017d433a13f0 JavaThread "Unconstrained build operations Thread 102"        [_thread_blocked, id=17628, stack(0x0000006eca200000,0x0000006eca300000) (1024K)]
  0x0000017d433a0ca0 JavaThread "Unconstrained build operations Thread 103"        [_thread_blocked, id=13720, stack(0x0000006eca300000,0x0000006eca400000) (1024K)]
  0x0000017d4339f6b0 JavaThread "Unconstrained build operations Thread 104"        [_thread_blocked, id=23100, stack(0x0000006eca400000,0x0000006eca500000) (1024K)]
  0x0000017d4339e810 JavaThread "Unconstrained build operations Thread 105"        [_thread_blocked, id=7636, stack(0x0000006eca500000,0x0000006eca600000) (1024K)]
  0x0000017d4339e0c0 JavaThread "Unconstrained build operations Thread 106"        [_thread_blocked, id=34512, stack(0x0000006eca600000,0x0000006eca700000) (1024K)]
  0x0000017d433a1b40 JavaThread "Unconstrained build operations Thread 107"        [_thread_blocked, id=13256, stack(0x0000006eca700000,0x0000006eca800000) (1024K)]
  0x0000017d433a4720 JavaThread "Unconstrained build operations Thread 108"        [_thread_blocked, id=13112, stack(0x0000006eca800000,0x0000006eca900000) (1024K)]
  0x0000017d433a4e70 JavaThread "Unconstrained build operations Thread 109"        [_thread_blocked, id=9308, stack(0x0000006eca900000,0x0000006ecaa00000) (1024K)]
  0x0000017d433a3880 JavaThread "Unconstrained build operations Thread 110"        [_thread_blocked, id=452, stack(0x0000006ecaa00000,0x0000006ecab00000) (1024K)]
  0x0000017d433a55c0 JavaThread "Unconstrained build operations Thread 111"        [_thread_blocked, id=21032, stack(0x0000006ecab00000,0x0000006ecac00000) (1024K)]
  0x0000017d433a3fd0 JavaThread "Unconstrained build operations Thread 112"        [_thread_blocked, id=30680, stack(0x0000006ecac00000,0x0000006ecad00000) (1024K)]
  0x0000017d433a2290 JavaThread "Unconstrained build operations Thread 113"        [_thread_blocked, id=11716, stack(0x0000006ecad00000,0x0000006ecae00000) (1024K)]
  0x0000017d433a29e0 JavaThread "Unconstrained build operations Thread 114"        [_thread_blocked, id=35776, stack(0x0000006ecae00000,0x0000006ecaf00000) (1024K)]
  0x0000017d433a5d10 JavaThread "Unconstrained build operations Thread 115"        [_thread_blocked, id=20908, stack(0x0000006ecaf00000,0x0000006ecb000000) (1024K)]
  0x0000017d433a6460 JavaThread "Unconstrained build operations Thread 116"        [_thread_blocked, id=31272, stack(0x0000006ecb000000,0x0000006ecb100000) (1024K)]
  0x0000017d433a3130 JavaThread "Unconstrained build operations Thread 117"        [_thread_blocked, id=13920, stack(0x0000006ecb100000,0x0000006ecb200000) (1024K)]
  0x0000017d433a9ee0 JavaThread "Unconstrained build operations Thread 118"        [_thread_blocked, id=24812, stack(0x0000006ecb200000,0x0000006ecb300000) (1024K)]
  0x0000017d433a9040 JavaThread "Unconstrained build operations Thread 119"        [_thread_blocked, id=22508, stack(0x0000006ecb300000,0x0000006ecb400000) (1024K)]
  0x0000017d433a7300 JavaThread "Unconstrained build operations Thread 120"        [_thread_blocked, id=30696, stack(0x0000006ecb400000,0x0000006ecb500000) (1024K)]
  0x0000017d433a9790 JavaThread "Unconstrained build operations Thread 121"        [_thread_blocked, id=4332, stack(0x0000006ecb500000,0x0000006ecb600000) (1024K)]
  0x0000017d433a6bb0 JavaThread "Unconstrained build operations Thread 122"        [_thread_blocked, id=11332, stack(0x0000006ecb600000,0x0000006ecb700000) (1024K)]
  0x0000017d433aad80 JavaThread "Unconstrained build operations Thread 123"        [_thread_blocked, id=3904, stack(0x0000006ecb900000,0x0000006ecba00000) (1024K)]
  0x0000017d433a7a50 JavaThread "Unconstrained build operations Thread 124"        [_thread_blocked, id=25780, stack(0x0000006ecba00000,0x0000006ecbb00000) (1024K)]
  0x0000017d433a88f0 JavaThread "Unconstrained build operations Thread 125"        [_thread_blocked, id=29784, stack(0x0000006ecbb00000,0x0000006ecbc00000) (1024K)]
  0x0000017d433ab4d0 JavaThread "Unconstrained build operations Thread 126"        [_thread_blocked, id=28796, stack(0x0000006ecbc00000,0x0000006ecbd00000) (1024K)]
  0x0000017d433a81a0 JavaThread "Unconstrained build operations Thread 127"        [_thread_blocked, id=30264, stack(0x0000006ecbd00000,0x0000006ecbe00000) (1024K)]
  0x0000017d433ac370 JavaThread "Unconstrained build operations Thread 128"        [_thread_blocked, id=23240, stack(0x0000006ecbe00000,0x0000006ecbf00000) (1024K)]
  0x0000017d433abc20 JavaThread "Unconstrained build operations Thread 129"        [_thread_blocked, id=31200, stack(0x0000006ecbf00000,0x0000006ecc000000) (1024K)]
  0x0000017d433acac0 JavaThread "Unconstrained build operations Thread 130"        [_thread_blocked, id=27624, stack(0x0000006ecc000000,0x0000006ecc100000) (1024K)]
  0x0000017d404def80 JavaThread "Unconstrained build operations Thread 131"        [_thread_blocked, id=14816, stack(0x0000006ecc100000,0x0000006ecc200000) (1024K)]
  0x0000017d404dbc50 JavaThread "Unconstrained build operations Thread 132"        [_thread_blocked, id=1132, stack(0x0000006ecc200000,0x0000006ecc300000) (1024K)]
  0x0000017d404de830 JavaThread "Unconstrained build operations Thread 133"        [_thread_blocked, id=13108, stack(0x0000006ecc300000,0x0000006ecc400000) (1024K)]
  0x0000017d404dd990 JavaThread "Unconstrained build operations Thread 134"        [_thread_blocked, id=8852, stack(0x0000006ecc400000,0x0000006ecc500000) (1024K)]
  0x0000017d404de0e0 JavaThread "Unconstrained build operations Thread 135"        [_thread_blocked, id=19972, stack(0x0000006ecc500000,0x0000006ecc600000) (1024K)]
  0x0000017d404dd240 JavaThread "Unconstrained build operations Thread 136"        [_thread_blocked, id=6108, stack(0x0000006ecc600000,0x0000006ecc700000) (1024K)]
  0x0000017d404df6d0 JavaThread "Unconstrained build operations Thread 137"        [_thread_blocked, id=29300, stack(0x0000006ecc700000,0x0000006ecc800000) (1024K)]
Total: 197

Other Threads:
=>0x0000017cf62b76d0 VMThread "VM Thread"                           [id=26756, stack(0x0000006ebf300000,0x0000006ebf400000) (1024K)]
  0x0000017cf617ff40 WatcherThread "VM Periodic Task Thread"        [id=20000, stack(0x0000006ebf200000,0x0000006ebf300000) (1024K)]
  0x0000017cc2c4b940 WorkerThread "GC Thread#0"                     [id=7584, stack(0x0000006ebed00000,0x0000006ebee00000) (1024K)]
  0x0000017d3f697460 WorkerThread "GC Thread#1"                     [id=11588, stack(0x0000006ec0500000,0x0000006ec0600000) (1024K)]
  0x0000017d3f697810 WorkerThread "GC Thread#2"                     [id=35540, stack(0x0000006ec0600000,0x0000006ec0700000) (1024K)]
  0x0000017d3f6e6ac0 WorkerThread "GC Thread#3"                     [id=17232, stack(0x0000006ec0700000,0x0000006ec0800000) (1024K)]
  0x0000017d3f6e7280 WorkerThread "GC Thread#4"                     [id=24440, stack(0x0000006ec0800000,0x0000006ec0900000) (1024K)]
  0x0000017d3f6e7630 WorkerThread "GC Thread#5"                     [id=8736, stack(0x0000006ec0900000,0x0000006ec0a00000) (1024K)]
  0x0000017d402f1510 WorkerThread "GC Thread#6"                     [id=23132, stack(0x0000006ec1300000,0x0000006ec1400000) (1024K)]
  0x0000017d402f0db0 WorkerThread "GC Thread#7"                     [id=22900, stack(0x0000006ec1400000,0x0000006ec1500000) (1024K)]
  0x0000017d402f0650 WorkerThread "GC Thread#8"                     [id=28164, stack(0x0000006ec1500000,0x0000006ec1600000) (1024K)]
  0x0000017d402f18c0 WorkerThread "GC Thread#9"                     [id=20536, stack(0x0000006ec1600000,0x0000006ec1700000) (1024K)]
  0x0000017d402f1c70 WorkerThread "GC Thread#10"                    [id=6080, stack(0x0000006ec1700000,0x0000006ec1800000) (1024K)]
  0x0000017d402f2020 WorkerThread "GC Thread#11"                    [id=17100, stack(0x0000006ec1800000,0x0000006ec1900000) (1024K)]
  0x0000017d402f1160 WorkerThread "GC Thread#12"                    [id=13380, stack(0x0000006ec1900000,0x0000006ec1a00000) (1024K)]
  0x0000017cf60c4090 ConcurrentGCThread "G1 Main Marker"            [id=20280, stack(0x0000006ebee00000,0x0000006ebef00000) (1024K)]
  0x0000017cf60c5820 WorkerThread "G1 Conc#0"                       [id=25240, stack(0x0000006ebef00000,0x0000006ebf000000) (1024K)]
  0x0000017d42be4890 WorkerThread "G1 Conc#1"                       [id=27124, stack(0x0000006ec1d00000,0x0000006ec1e00000) (1024K)]
  0x0000017d42be3620 WorkerThread "G1 Conc#2"                       [id=6076, stack(0x0000006ec1e00000,0x0000006ec1f00000) (1024K)]
  0x0000017cf6175810 ConcurrentGCThread "G1 Refine#0"               [id=2108, stack(0x0000006ebf000000,0x0000006ebf100000) (1024K)]
  0x0000017cf6176040 ConcurrentGCThread "G1 Service"                [id=13692, stack(0x0000006ebf100000,0x0000006ebf200000) (1024K)]
Total: 21

Threads with active compile tasks:
C2 CompilerThread0  13869 12845   !   4       sun.reflect.annotation.AnnotationParser::parseAnnotations (37 bytes)
C2 CompilerThread1  13869 12929   !   4       sun.net.www.ParseUtil::decode (349 bytes)
C2 CompilerThread2  13869 12984       4       java.util.AbstractSequentialList::iterator (5 bytes)
C2 CompilerThread3  13869 12937       4       groovy.lang.MetaClassImpl$1MOPIter::methodNameAction (325 bytes)
Total: 4

VM state: at safepoint (normal execution)

VM Mutex/Monitor currently owned by a thread:  ([mutex/lock_event])
[0x00007fffea5244b0] Threads_lock - owner thread: 0x0000017cf62b76d0
[0x00007fffea5245b0] Heap_lock - owner thread: 0x0000017d40457050

Heap address: 0x0000000600000000, size: 8192 MB, Compressed Oops mode: Zero based, Oop shift amount: 3

CDS archive(s) mapped at: [0x0000017cfa000000-0x0000017cfad40000-0x0000017cfad40000), size 13893632, SharedBaseAddress: 0x0000017cfa000000, ArchiveRelocationMode: 1.
Compressed class space mapped at: 0x0000017cfb000000-0x0000017d3b000000, reserved size: 1073741824
UseCompressedClassPointers 1, UseCompactObjectHeaders 0
Narrow klass pointer bits 32, Max shift 3
Narrow klass base: 0x0000017cfa000000, Narrow klass shift: 0
Encoding Range: [0x0000017cfa000000 - 0x0000017dfa000000), (4294967296 bytes)
Klass Range:    [0x0000017cfa000000 - 0x0000017d3b000000), (1090519040 bytes)
Klass ID Range:  [8 - 1090519033) (1090519025)

GC Precious Log:
 CardTable entry size: 512
 Card Set container configuration: InlinePtr #cards 4 size 8 Array Of Cards #cards 32 size 80 Howl #buckets 8 coarsen threshold 7372 Howl Bitmap #cards 1024 size 144 coarsen threshold 921 Card regions per heap region 1 cards per card region 8192
 CPUs: 16 total, 16 available
 Memory: 16202M
 Large Page Support: Disabled
 NUMA Support: Disabled
 Compressed Oops: Enabled (Zero based)
 Heap Region Size: 4M
 Heap Min Capacity: 8M
 Heap Initial Capacity: 256M
 Heap Max Capacity: 8G
 Pre-touch: Disabled
 Parallel Workers: 13
 Concurrent Workers: 3
 Concurrent Refinement Workers: 13
 Periodic GC: Disabled

Heap:
 garbage-first heap   total reserved 8388608K, committed 172032K, used 107984K [0x0000000600000000, 0x0000000800000000)
  region size 4096K, 1 young (4096K), 1 survivors (4096K)
 Metaspace       used 86456K, committed 88640K, reserved 1179648K
  class space    used 9766K, committed 10816K, reserved 1048576K

Heap Regions: E=young(eden), S=young(survivor), O=old, HS=humongous(starts), HC=humongous(continues), CS=collection set, F=free, TAMS=top-at-mark-start, PB=parsable bottom
|   0|0x0000000600000000, 0x0000000600400000, 0x0000000600400000|100%|HS|  |TAMS 0x0000000600400000| PB 0x0000000600000000| Complete |  0
|   1|0x0000000600400000, 0x0000000600800000, 0x0000000600800000|100%| O|  |TAMS 0x0000000600800000| PB 0x0000000600400000| Untracked |  0
|   2|0x0000000600800000, 0x0000000600c00000, 0x0000000600c00000|100%| O|  |TAMS 0x0000000600c00000| PB 0x0000000600800000| Untracked |  0
|   3|0x0000000600c00000, 0x0000000601000000, 0x0000000601000000|100%| O|  |TAMS 0x0000000601000000| PB 0x0000000600c00000| Untracked |  0
|   4|0x0000000601000000, 0x0000000601400000, 0x0000000601400000|100%| O|  |TAMS 0x0000000601400000| PB 0x0000000601000000| Untracked |  0
|   5|0x0000000601400000, 0x0000000601800000, 0x0000000601800000|100%| O|  |TAMS 0x0000000601800000| PB 0x0000000601400000| Untracked |  0
|   6|0x0000000601800000, 0x0000000601c00000, 0x0000000601c00000|100%| O|  |TAMS 0x0000000601c00000| PB 0x0000000601800000| Untracked |  0
|   7|0x0000000601c00000, 0x0000000602000000, 0x0000000602000000|100%| O|  |TAMS 0x0000000602000000| PB 0x0000000601c00000| Untracked |  0
|   8|0x0000000602000000, 0x0000000602400000, 0x0000000602400000|100%| O|  |TAMS 0x0000000602400000| PB 0x0000000602000000| Untracked |  0
|   9|0x0000000602400000, 0x0000000602800000, 0x0000000602800000|100%|HS|  |TAMS 0x0000000602800000| PB 0x0000000602400000| Complete |  0
|  10|0x0000000602800000, 0x0000000602c00000, 0x0000000602c00000|100%| O|  |TAMS 0x0000000602c00000| PB 0x0000000602800000| Untracked |  0
|  11|0x0000000602c00000, 0x0000000603000000, 0x0000000603000000|100%| O|  |TAMS 0x0000000603000000| PB 0x0000000602c00000| Untracked |  0
|  12|0x0000000603000000, 0x0000000603400000, 0x0000000603400000|100%| O|  |TAMS 0x0000000603400000| PB 0x0000000603000000| Untracked |  0
|  13|0x0000000603400000, 0x0000000603800000, 0x0000000603800000|100%| O|  |TAMS 0x0000000603800000| PB 0x0000000603400000| Untracked |  0
|  14|0x0000000603800000, 0x0000000603c00000, 0x0000000603c00000|100%|HS|  |TAMS 0x0000000603c00000| PB 0x0000000603800000| Complete |  0
|  15|0x0000000603c00000, 0x0000000604000000, 0x0000000604000000|100%| O|  |TAMS 0x0000000604000000| PB 0x0000000603c00000| Untracked |  0
|  16|0x0000000604000000, 0x00000006042e3448, 0x0000000604400000| 72%| O|  |TAMS 0x0000000604000000| PB 0x0000000604000000| Untracked |  0
|  17|0x0000000604400000, 0x0000000604800000, 0x0000000604800000|100%| O|  |TAMS 0x0000000604800000| PB 0x0000000604400000| Untracked |  0
|  18|0x0000000604800000, 0x0000000604c00000, 0x0000000604c00000|100%| O|  |TAMS 0x0000000604c00000| PB 0x0000000604800000| Untracked |  0
|  19|0x0000000604c00000, 0x0000000605000000, 0x0000000605000000|100%| O|  |TAMS 0x0000000605000000| PB 0x0000000604c00000| Untracked |  0
|  20|0x0000000605000000, 0x0000000605400000, 0x0000000605400000|100%| O|  |TAMS 0x0000000605400000| PB 0x0000000605000000| Untracked |  0
|  21|0x0000000605400000, 0x0000000605800000, 0x0000000605800000|100%| O|  |TAMS 0x0000000605800000| PB 0x0000000605400000| Untracked |  0
|  22|0x0000000605800000, 0x0000000605c00000, 0x0000000605c00000|100%| O|  |TAMS 0x0000000605808ee0| PB 0x0000000605800000| Untracked |  0
|  23|0x0000000605c00000, 0x0000000606000000, 0x0000000606000000|100%| O|  |TAMS 0x0000000606000000| PB 0x0000000605c00000| Untracked |  0
|  24|0x0000000606000000, 0x0000000606400000, 0x0000000606400000|100%| O|  |TAMS 0x0000000606400000| PB 0x0000000606000000| Untracked |  0
|  25|0x0000000606400000, 0x0000000606400000, 0x0000000606800000|  0%| F|  |TAMS 0x0000000606400000| PB 0x0000000606400000| Untracked |  0
|  26|0x0000000606800000, 0x0000000606800000, 0x0000000606c00000|  0%| F|  |TAMS 0x0000000606800000| PB 0x0000000606800000| Untracked |  0
|  27|0x0000000606c00000, 0x0000000606c00000, 0x0000000607000000|  0%| F|  |TAMS 0x0000000606c00000| PB 0x0000000606c00000| Untracked |  0
|  28|0x0000000607000000, 0x0000000607000000, 0x0000000607400000|  0%| F|  |TAMS 0x0000000607000000| PB 0x0000000607000000| Untracked |  0
|  29|0x0000000607400000, 0x0000000607400000, 0x0000000607800000|  0%| F|  |TAMS 0x0000000607400000| PB 0x0000000607400000| Untracked |  0
|  30|0x0000000607800000, 0x0000000607a90e90, 0x0000000607c00000| 64%| S|CS|TAMS 0x0000000607800000| PB 0x0000000607800000| Complete |  0
|  31|0x0000000607c00000, 0x0000000607c00000, 0x0000000608000000|  0%| F|  |TAMS 0x0000000607c00000| PB 0x0000000607c00000| Untracked |  0
|  32|0x0000000608000000, 0x0000000608000000, 0x0000000608400000|  0%| F|  |TAMS 0x0000000608000000| PB 0x0000000608000000| Untracked |  0
|  33|0x0000000608400000, 0x0000000608400000, 0x0000000608800000|  0%| F|  |TAMS 0x0000000608400000| PB 0x0000000608400000| Untracked |  0
|  34|0x0000000608800000, 0x0000000608800000, 0x0000000608c00000|  0%| F|  |TAMS 0x0000000608800000| PB 0x0000000608800000| Untracked |  0
|  35|0x0000000608c00000, 0x0000000608c00000, 0x0000000609000000|  0%| F|  |TAMS 0x0000000608c00000| PB 0x0000000608c00000| Untracked |  0
|  36|0x0000000609000000, 0x0000000609000000, 0x0000000609400000|  0%| F|  |TAMS 0x0000000609000000| PB 0x0000000609000000| Untracked |  0
|  37|0x0000000609400000, 0x0000000609400000, 0x0000000609800000|  0%| F|  |TAMS 0x0000000609400000| PB 0x0000000609400000| Untracked |  0
|  51|0x000000060cc00000, 0x000000060cc00000, 0x000000060d000000|  0%| F|  |TAMS 0x000000060cc00000| PB 0x000000060cc00000| Untracked |  0
|  63|0x000000060fc00000, 0x000000060fc00000, 0x0000000610000000|  0%| F|  |TAMS 0x000000060fc00000| PB 0x000000060fc00000| Untracked |  0
|2046|0x00000007ff800000, 0x00000007ffc00000, 0x00000007ffc00000|100%| O|  |TAMS 0x00000007ffc00000| PB 0x00000007ff800000| Untracked |  0
|2047|0x00000007ffc00000, 0x00000007ffc00000, 0x0000000800000000|  0%| F|  |TAMS 0x00000007ffc00000| PB 0x00000007ffc00000| Untracked |  0

Card table byte_map: [0x0000017cecff0000,0x0000017cedff0000] _byte_map_base: 0x0000017ce9ff0000

Marking Bits: (CMBitMap*) 0x0000017cc2c4bf60
 Bits: [0x0000017cedff0000, 0x0000017cf5ff0000)

Polling page: 0x0000017cc0d40000

Metaspace:

Usage:
  Non-class:     74.89 MB used.
      Class:      9.54 MB used.
       Both:     84.43 MB used.

Virtual space:
  Non-class space:      128.00 MB reserved,      76.00 MB ( 59%) committed,  2 nodes.
      Class space:        1.00 GB reserved,      10.56 MB (  1%) committed,  1 nodes.
             Both:        1.12 GB reserved,      86.56 MB (  8%) committed. 

Chunk freelists:
   Non-Class:  3.22 MB
       Class:  5.26 MB
        Both:  8.48 MB

MaxMetaspaceSize: 4.00 GB
CompressedClassSpaceSize: 1.00 GB
Initial GC threshold: 21.00 MB
Current GC threshold: 129.69 MB
CDS: on
 - commit_granule_bytes: 65536.
 - commit_granule_words: 8192.
 - virtual_space_node_default_size: 8388608.
 - enlarge_chunks_in_place: 1.
UseCompressedClassPointers 1, UseCompactObjectHeaders 0
Narrow klass pointer bits 32, Max shift 3
Narrow klass base: 0x0000017cfa000000, Narrow klass shift: 0
Encoding Range: [0x0000017cfa000000 - 0x0000017dfa000000), (4294967296 bytes)
Klass Range:    [0x0000017cfa000000 - 0x0000017d3b000000), (1090519040 bytes)
Klass ID Range:  [8 - 1090519033) (1090519025)


Internal statistics:

num_allocs_failed_limit: 12.
num_arena_births: 3852.
num_arena_deaths: 0.
num_vsnodes_births: 3.
num_vsnodes_deaths: 0.
num_space_committed: 1385.
num_space_uncommitted: 0.
num_chunks_returned_to_freelist: 12.
num_chunks_taken_from_freelist: 7568.
num_chunk_merges: 12.
num_chunk_splits: 5024.
num_chunks_enlarged: 3276.
num_inconsistent_stats: 0.

CodeHeap 'non-profiled nmethods': size=258496Kb used=5641Kb max_used=5641Kb free=252854Kb
 bounds [0x0000017cdb7d0000, 0x0000017cdbd60000, 0x0000017ceb440000]
CodeHeap 'profiled nmethods': size=258368Kb used=17930Kb max_used=17930Kb free=240437Kb
 bounds [0x0000017ccb440000, 0x0000017ccc5d0000, 0x0000017cdb090000]
CodeHeap 'non-nmethods': size=7424Kb used=4380Kb max_used=4571Kb free=3043Kb
 bounds [0x0000017cdb090000, 0x0000017cdb520000, 0x0000017cdb7d0000]
CodeCache: size=524288Kb, used=27951Kb, max_used=28142Kb, free=496334Kb
 total_blobs=12218, nmethods=11228, adapters=891, full_count=0
Compilation: enabled, stopped_count=0, restarted_count=0

Compilation events (20 events):
Event: 13.752 Thread 0x0000017cf9174ae0 12990       3       org.codehaus.groovy.reflection.ClassInfo::createCachedClass (514 bytes)
Event: 13.752 Thread 0x0000017cf90cacd0 12991       3       org.codehaus.groovy.reflection.CachedClass$8::initValue (5 bytes)
Event: 13.752 Thread 0x0000017cf91bc7c0 nmethod 12988 0x0000017ccc5b9f08 code [0x0000017ccc5ba040, 0x0000017ccc5ba390]
Event: 13.752 Thread 0x0000017cf91bc7c0 12993       3       org.codehaus.groovy.reflection.CachedClass$4::initValue (5 bytes)
Event: 13.752 Thread 0x0000017cf90cacd0 nmethod 12991 0x0000017ccc5ba408 code [0x0000017ccc5ba520, 0x0000017ccc5ba670]
Event: 13.752 Thread 0x0000017cf90cacd0 12994       3       org.codehaus.groovy.reflection.CachedClass$4::initValue (63 bytes)
Event: 13.752 Thread 0x0000017cf91bc7c0 nmethod 12993 0x0000017ccc5ba708 code [0x0000017ccc5ba820, 0x0000017ccc5ba970]
Event: 13.753 Thread 0x0000017cf91bc7c0 12995       3       org.codehaus.groovy.reflection.CachedClass::getNewMetaMethods (166 bytes)
Event: 13.753 Thread 0x0000017d444271a0 nmethod 12940 0x0000017cdbd50088 code [0x0000017cdbd502c0, 0x0000017cdbd522b8]
Event: 13.753 Thread 0x0000017d3f5cf1b0 nmethod 12992 0x0000017ccc5baa08 code [0x0000017ccc5bacc0, 0x0000017ccc5bc5b0]
Event: 13.754 Thread 0x0000017cf90cacd0 nmethod 12994 0x0000017ccc5bc688 code [0x0000017ccc5bc860, 0x0000017ccc5bd4f8]
Event: 13.754 Thread 0x0000017cf91bc7c0 nmethod 12995 0x0000017ccc5bd588 code [0x0000017ccc5bd880, 0x0000017ccc5bef58]
Event: 13.754 Thread 0x0000017cf9174ae0 nmethod 12990 0x0000017ccc5bf008 code [0x0000017ccc5bf500, 0x0000017ccc5c1e08]
Event: 13.754 Thread 0x0000017d444271a0 12985       4       java.lang.reflect.Array::newInstance (6 bytes)
Event: 13.756 Thread 0x0000017d444271a0 nmethod 12985 0x0000017cdbd52388 code [0x0000017cdbd524a0, 0x0000017cdbd526e8]
Event: 13.757 Thread 0x0000017d444271a0 12984       4       java.util.AbstractSequentialList::iterator (5 bytes)
Event: 13.758 Thread 0x0000017cf9174ae0 12996       3       groovy.lang.MetaClassImpl::getNewMetaMethods (18 bytes)
Event: 13.758 Thread 0x0000017cf90cacd0 12997       3       java.lang.Module::isOpen (18 bytes)
Event: 13.758 Thread 0x0000017cf9174ae0 nmethod 12996 0x0000017ccc5c1f08 code [0x0000017ccc5c2040, 0x0000017ccc5c2268]
Event: 13.758 Thread 0x0000017cf90cacd0 nmethod 12997 0x0000017ccc5c2308 code [0x0000017ccc5c2460, 0x0000017ccc5c2848]

GC Heap History (20 events):
Event: 8.982 GC heap after
{Heap after GC invocations=17 (full 0):
 garbage-first heap   total reserved 8388608K, committed 126976K, used 64324K [0x0000000600000000, 0x0000000800000000)
  region size 4096K, 2 young (8192K), 2 survivors (8192K)
 Metaspace       used 66582K, committed 68544K, reserved 1114112K
  class space    used 7645K, committed 8576K, reserved 1048576K
}
Event: 9.402 GC heap before
{Heap before GC invocations=17 (full 0):
 garbage-first heap   total reserved 8388608K, committed 126976K, used 101188K [0x0000000600000000, 0x0000000800000000)
  region size 4096K, 11 young (45056K), 2 survivors (8192K)
 Metaspace       used 68728K, committed 70784K, reserved 1114112K
  class space    used 7919K, committed 8896K, reserved 1048576K
}
Event: 9.407 GC heap after
{Heap after GC invocations=18 (full 0):
 garbage-first heap   total reserved 8388608K, committed 126976K, used 67671K [0x0000000600000000, 0x0000000800000000)
  region size 4096K, 2 young (8192K), 2 survivors (8192K)
 Metaspace       used 68728K, committed 70784K, reserved 1114112K
  class space    used 7919K, committed 8896K, reserved 1048576K
}
Event: 9.902 GC heap before
{Heap before GC invocations=19 (full 0):
 garbage-first heap   total reserved 8388608K, committed 126976K, used 104535K [0x0000000600000000, 0x0000000800000000)
  region size 4096K, 11 young (45056K), 2 survivors (8192K)
 Metaspace       used 71159K, committed 73216K, reserved 1114112K
  class space    used 8273K, committed 9216K, reserved 1048576K
}
Event: 9.908 GC heap after
{Heap after GC invocations=20 (full 0):
 garbage-first heap   total reserved 8388608K, committed 155648K, used 69995K [0x0000000600000000, 0x0000000800000000)
  region size 4096K, 2 young (8192K), 2 survivors (8192K)
 Metaspace       used 71159K, committed 73216K, reserved 1114112K
  class space    used 8273K, committed 9216K, reserved 1048576K
}
Event: 10.811 GC heap before
{Heap before GC invocations=20 (full 0):
 garbage-first heap   total reserved 8388608K, committed 155648K, used 131435K [0x0000000600000000, 0x0000000800000000)
  region size 4096K, 17 young (69632K), 2 survivors (8192K)
 Metaspace       used 74252K, committed 76352K, reserved 1179648K
  class space    used 8691K, committed 9664K, reserved 1048576K
}
Event: 10.818 GC heap after
{Heap after GC invocations=21 (full 0):
 garbage-first heap   total reserved 8388608K, committed 155648K, used 74369K [0x0000000600000000, 0x0000000800000000)
  region size 4096K, 3 young (12288K), 3 survivors (12288K)
 Metaspace       used 74252K, committed 76352K, reserved 1179648K
  class space    used 8691K, committed 9664K, reserved 1048576K
}
Event: 11.126 GC heap before
{Heap before GC invocations=21 (full 0):
 garbage-first heap   total reserved 8388608K, committed 155648K, used 123521K [0x0000000600000000, 0x0000000800000000)
  region size 4096K, 16 young (65536K), 3 survivors (12288K)
 Metaspace       used 74611K, committed 76672K, reserved 1179648K
  class space    used 8700K, committed 9664K, reserved 1048576K
}
Event: 11.135 GC heap after
{Heap after GC invocations=22 (full 0):
 garbage-first heap   total reserved 8388608K, committed 155648K, used 77541K [0x0000000600000000, 0x0000000800000000)
  region size 4096K, 2 young (8192K), 2 survivors (8192K)
 Metaspace       used 74611K, committed 76672K, reserved 1179648K
  class space    used 8700K, committed 9664K, reserved 1048576K
}
Event: 11.380 GC heap before
{Heap before GC invocations=23 (full 0):
 garbage-first heap   total reserved 8388608K, committed 155648K, used 126693K [0x0000000600000000, 0x0000000800000000)
  region size 4096K, 15 young (61440K), 2 survivors (8192K)
 Metaspace       used 74644K, committed 76736K, reserved 1179648K
  class space    used 8700K, committed 9664K, reserved 1048576K
}
Event: 11.386 GC heap after
{Heap after GC invocations=24 (full 0):
 garbage-first heap   total reserved 8388608K, committed 155648K, used 79136K [0x0000000600000000, 0x0000000800000000)
  region size 4096K, 2 young (8192K), 2 survivors (8192K)
 Metaspace       used 74644K, committed 76736K, reserved 1179648K
  class space    used 8700K, committed 9664K, reserved 1048576K
}
Event: 11.847 GC heap before
{Heap before GC invocations=24 (full 0):
 garbage-first heap   total reserved 8388608K, committed 155648K, used 128288K [0x0000000600000000, 0x0000000800000000)
  region size 4096K, 15 young (61440K), 2 survivors (8192K)
 Metaspace       used 75418K, committed 77504K, reserved 1179648K
  class space    used 8783K, committed 9792K, reserved 1048576K
}
Event: 11.854 GC heap after
{Heap after GC invocations=25 (full 0):
 garbage-first heap   total reserved 8388608K, committed 155648K, used 82365K [0x0000000600000000, 0x0000000800000000)
  region size 4096K, 2 young (8192K), 2 survivors (8192K)
 Metaspace       used 75418K, committed 77504K, reserved 1179648K
  class space    used 8783K, committed 9792K, reserved 1048576K
}
Event: 12.358 GC heap before
{Heap before GC invocations=25 (full 0):
 garbage-first heap   total reserved 8388608K, committed 155648K, used 127421K [0x0000000600000000, 0x0000000800000000)
  region size 4096K, 14 young (57344K), 2 survivors (8192K)
 Metaspace       used 77318K, committed 79488K, reserved 1179648K
  class space    used 8914K, committed 9920K, reserved 1048576K
}
Event: 12.364 GC heap after
{Heap after GC invocations=26 (full 0):
 garbage-first heap   total reserved 8388608K, committed 159744K, used 99231K [0x0000000600000000, 0x0000000800000000)
  region size 4096K, 2 young (8192K), 2 survivors (8192K)
 Metaspace       used 77318K, committed 79488K, reserved 1179648K
  class space    used 8914K, committed 9920K, reserved 1048576K
}
Event: 12.877 GC heap before
{Heap before GC invocations=27 (full 0):
 garbage-first heap   total reserved 8388608K, committed 172032K, used 136095K [0x0000000600000000, 0x0000000800000000)
  region size 4096K, 11 young (45056K), 2 survivors (8192K)
 Metaspace       used 80539K, committed 82688K, reserved 1179648K
  class space    used 9210K, committed 10240K, reserved 1048576K
}
Event: 12.880 GC heap after
{Heap after GC invocations=28 (full 0):
 garbage-first heap   total reserved 8388608K, committed 172032K, used 100104K [0x0000000600000000, 0x0000000800000000)
  region size 4096K, 1 young (4096K), 1 survivors (4096K)
 Metaspace       used 80539K, committed 82688K, reserved 1179648K
  class space    used 9210K, committed 10240K, reserved 1048576K
}
Event: 13.316 GC heap before
{Heap before GC invocations=28 (full 0):
 garbage-first heap   total reserved 8388608K, committed 172032K, used 141064K [0x0000000600000000, 0x0000000800000000)
  region size 4096K, 12 young (49152K), 1 survivors (4096K)
 Metaspace       used 83756K, committed 85888K, reserved 1179648K
  class space    used 9469K, committed 10496K, reserved 1048576K
}
Event: 13.324 GC heap after
{Heap after GC invocations=29 (full 0):
 garbage-first heap   total reserved 8388608K, committed 172032K, used 105186K [0x0000000600000000, 0x0000000800000000)
  region size 4096K, 2 young (8192K), 2 survivors (8192K)
 Metaspace       used 83756K, committed 85888K, reserved 1179648K
  class space    used 9469K, committed 10496K, reserved 1048576K
}
Event: 13.760 GC heap before
{Heap before GC invocations=29 (full 0):
 garbage-first heap   total reserved 8388608K, committed 172032K, used 146146K [0x0000000600000000, 0x0000000800000000)
  region size 4096K, 12 young (49152K), 2 survivors (8192K)
 Metaspace       used 86456K, committed 88640K, reserved 1179648K
  class space    used 9766K, committed 10816K, reserved 1048576K
}

Dll operation events (15 events):
Event: 0.011 Loaded shared library C:\Program Files\Java\jdk-24\bin\java.dll
Event: 0.035 Loaded shared library C:\Program Files\Java\jdk-24\bin\jsvml.dll
Event: 0.076 Loaded shared library C:\Program Files\Java\jdk-24\bin\zip.dll
Event: 0.080 Loaded shared library C:\Program Files\Java\jdk-24\bin\instrument.dll
Event: 0.084 Loaded shared library C:\Program Files\Java\jdk-24\bin\net.dll
Event: 0.086 Loaded shared library C:\Program Files\Java\jdk-24\bin\nio.dll
Event: 0.089 Loaded shared library C:\Program Files\Java\jdk-24\bin\zip.dll
Event: 0.393 Loaded shared library C:\Program Files\Java\jdk-24\bin\jimage.dll
Event: 0.551 Loaded shared library C:\Program Files\Java\jdk-24\bin\verify.dll
Event: 0.637 Loaded shared library C:\Users\Akash jogiya\.gradle\native\1def1411415f61bf3af743bc5b6707747c0891f09f0c88961ee8f79bc544acac\windows-amd64\native-platform.dll
Event: 0.645 Loaded shared library C:\Users\Akash jogiya\.gradle\native\0.2.7\x86_64-windows-gnu\gradle-fileevents.dll
Event: 1.592 Loaded shared library C:\Program Files\Java\jdk-24\bin\management.dll
Event: 1.594 Loaded shared library C:\Program Files\Java\jdk-24\bin\management_ext.dll
Event: 1.707 Loaded shared library C:\Program Files\Java\jdk-24\bin\extnet.dll
Event: 1.886 Loaded shared library C:\Program Files\Java\jdk-24\bin\sunmscapi.dll

Deoptimization events (20 events):
Event: 13.714 Thread 0x0000017d40457050 Uncommon trap: trap_request=0xffffffd6 fr.pc=0x0000017cdbd42be0 relative=0x0000000000000380
Event: 13.714 Thread 0x0000017d40457050 Uncommon trap: reason=array_check action=maybe_recompile pc=0x0000017cdbd42be0 method=java.util.AbstractCollection.toArray([Ljava/lang/Object;)[Ljava/lang/Object; @ 116 c2
Event: 13.714 Thread 0x0000017d40457050 DEOPT PACKING pc=0x0000017cdbd42be0 sp=0x0000006ec0ff54c0
Event: 13.714 Thread 0x0000017d40457050 DEOPT UNPACKING pc=0x0000017cdb1a6702 sp=0x0000006ec0ff5450 mode 2
Event: 13.718 Thread 0x0000017d40457050 Uncommon trap: trap_request=0xffffffd6 fr.pc=0x0000017cdbd42be0 relative=0x0000000000000380
Event: 13.718 Thread 0x0000017d40457050 Uncommon trap: reason=array_check action=maybe_recompile pc=0x0000017cdbd42be0 method=java.util.AbstractCollection.toArray([Ljava/lang/Object;)[Ljava/lang/Object; @ 116 c2
Event: 13.718 Thread 0x0000017d40457050 DEOPT PACKING pc=0x0000017cdbd42be0 sp=0x0000006ec0ff5690
Event: 13.718 Thread 0x0000017d40457050 DEOPT UNPACKING pc=0x0000017cdb1a6702 sp=0x0000006ec0ff5620 mode 2
Event: 13.724 Thread 0x0000017d40457050 Uncommon trap: trap_request=0xffffffd6 fr.pc=0x0000017cdbd42be0 relative=0x0000000000000380
Event: 13.724 Thread 0x0000017d40457050 Uncommon trap: reason=array_check action=maybe_recompile pc=0x0000017cdbd42be0 method=java.util.AbstractCollection.toArray([Ljava/lang/Object;)[Ljava/lang/Object; @ 116 c2
Event: 13.724 Thread 0x0000017d40457050 DEOPT PACKING pc=0x0000017cdbd42be0 sp=0x0000006ec0ff54f0
Event: 13.724 Thread 0x0000017d40457050 DEOPT UNPACKING pc=0x0000017cdb1a6702 sp=0x0000006ec0ff5480 mode 2
Event: 13.725 Thread 0x0000017d40457050 Uncommon trap: trap_request=0xffffffde fr.pc=0x0000017cdbc31800 relative=0x00000000000000c0
Event: 13.725 Thread 0x0000017d40457050 Uncommon trap: reason=class_check action=maybe_recompile pc=0x0000017cdbc31800 method=java.lang.invoke.MethodHandle.setVarargs(Ljava/lang/invoke/MemberName;)Ljava/lang/invoke/MethodHandle; @ 11 c2
Event: 13.725 Thread 0x0000017d40457050 DEOPT PACKING pc=0x0000017cdbc31800 sp=0x0000006ec0ff5660
Event: 13.725 Thread 0x0000017d40457050 DEOPT UNPACKING pc=0x0000017cdb1a6702 sp=0x0000006ec0ff55e0 mode 2
Event: 13.735 Thread 0x0000017d40457050 Uncommon trap: trap_request=0xffffffd6 fr.pc=0x0000017cdbd42be0 relative=0x0000000000000380
Event: 13.735 Thread 0x0000017d40457050 Uncommon trap: reason=array_check action=maybe_recompile pc=0x0000017cdbd42be0 method=java.util.AbstractCollection.toArray([Ljava/lang/Object;)[Ljava/lang/Object; @ 116 c2
Event: 13.735 Thread 0x0000017d40457050 DEOPT PACKING pc=0x0000017cdbd42be0 sp=0x0000006ec0ff4990
Event: 13.735 Thread 0x0000017d40457050 DEOPT UNPACKING pc=0x0000017cdb1a6702 sp=0x0000006ec0ff4920 mode 2

Classes loaded (20 events):
Event: 13.153 Loading class java/util/stream/SliceOps$1$1
Event: 13.153 Loading class java/util/stream/SliceOps$1$1 done
Event: 13.153 Loading class java/util/stream/WhileOps$1Op$1OpSink
Event: 13.154 Loading class java/util/stream/WhileOps$DropWhileSink
Event: 13.154 Loading class java/util/stream/WhileOps$DropWhileSink done
Event: 13.154 Loading class java/util/stream/WhileOps$1Op$1OpSink done
Event: 13.445 Loading class java/security/KeyStore
Event: 13.445 Loading class java/security/KeyStore done
Event: 13.568 Loading class javax/xml/stream/XMLStreamException
Event: 13.568 Loading class javax/xml/stream/XMLStreamException done
Event: 13.727 Loading class java/util/Spliterators$EmptySpliterator$OfInt
Event: 13.728 Loading class java/util/Spliterators$EmptySpliterator$OfInt done
Event: 13.744 Loading class java/lang/EnumBeanInfo
Event: 13.744 Loading class java/lang/EnumBeanInfo done
Event: 13.744 Loading class java/lang/EnumBeanInfo
Event: 13.744 Loading class java/lang/EnumBeanInfo done
Event: 13.744 Loading class java/lang/EnumCustomizer
Event: 13.744 Loading class java/lang/EnumCustomizer done
Event: 13.745 Loading class java/lang/EnumCustomizer
Event: 13.745 Loading class java/lang/EnumCustomizer done

Classes unloaded (0 events):
No events

Classes redefined (0 events):
No events

Internal exceptions (20 events):
Event: 13.717 Thread 0x0000017d40457050 Exception <a 'java/lang/ClassNotFoundException'{0x0000000607d0b140}: groovy/lang/ReferenceBeanInfo> (0x0000000607d0b140) 
thrown [s\open\src\hotspot\share\classfile\systemDictionary.cpp, line 327]
Event: 13.718 Thread 0x0000017d40457050 Exception <a 'java/lang/ClassNotFoundException'{0x0000000607d20150}: groovy/lang/ReferenceCustomizer> (0x0000000607d20150) 
thrown [s\open\src\hotspot\share\classfile\systemDictionary.cpp, line 327]
Event: 13.722 Thread 0x0000017d40457050 Exception <a 'java/lang/ClassNotFoundException'{0x0000000607d66168}: org/gradle/internal/extensibility/DefaultConventionBeanInfo> (0x0000000607d66168) 
thrown [s\open\src\hotspot\share\classfile\systemDictionary.cpp, line 327]
Event: 13.723 Thread 0x0000017d40457050 Exception <a 'java/lang/ClassNotFoundException'{0x0000000607d7b3c8}: org/gradle/internal/extensibility/DefaultConventionCustomizer> (0x0000000607d7b3c8) 
thrown [s\open\src\hotspot\share\classfile\systemDictionary.cpp, line 327]
Event: 13.725 Thread 0x0000017d40457050 Exception <a 'java/lang/NoSuchMethodError'{0x0000000607da4758}: 'java.lang.Object java.lang.invoke.DirectMethodHandle$Holder.invokeInterface(java.lang.Object, java.lang.Object, java.lang.Object, java.lang.Object, java.lang.Object)'> (0x0000000607da4758) 
thrown [s\open\src\hotspot\share\interpreter\linkResolver.cpp, line 805]
Event: 13.733 Thread 0x0000017d40457050 Exception <a 'java/lang/ClassNotFoundException'{0x0000000607e23d98}: com/google/gms/googleservices/GoogleServicesPlugin$GoogleServicesPluginConfig_DecoratedBeanInfo> (0x0000000607e23d98) 
thrown [s\open\src\hotspot\share\classfile\systemDictionary.cpp, line 327]
Event: 13.734 Thread 0x0000017d40457050 Exception <a 'java/lang/ClassNotFoundException'{0x0000000607e317f8}: com/google/gms/googleservices/GoogleServicesPlugin$GoogleServicesPluginConfigBeanInfo> (0x0000000607e317f8) 
thrown [s\open\src\hotspot\share\classfile\systemDictionary.cpp, line 327]
Event: 13.734 Thread 0x0000017d40457050 Exception <a 'java/lang/ClassNotFoundException'{0x0000000607e3f220}: com/google/gms/googleservices/GoogleServicesPlugin$GoogleServicesPluginConfigCustomizer> (0x0000000607e3f220) 
thrown [s\open\src\hotspot\share\classfile\systemDictionary.cpp, line 327]
Event: 13.735 Thread 0x0000017d40457050 Exception <a 'java/lang/ClassNotFoundException'{0x0000000607e57560}: com/google/gms/googleservices/GoogleServicesPlugin$GoogleServicesPluginConfig_DecoratedCustomizer> (0x0000000607e57560) 
thrown [s\open\src\hotspot\share\classfile\systemDictionary.cpp, line 327]
Event: 13.744 Thread 0x0000017d40457050 Exception <a 'java/lang/ClassNotFoundException'{0x0000000607ec9ef0}: com/google/gms/googleservices/GoogleServicesPlugin$PluginTypeBeanInfo> (0x0000000607ec9ef0) 
thrown [s\open\src\hotspot\share\classfile\systemDictionary.cpp, line 327]
Event: 13.744 Thread 0x0000017d40457050 Exception <a 'java/lang/ClassNotFoundException'{0x0000000607ed35d0}: java/lang/EnumBeanInfo> (0x0000000607ed35d0) 
thrown [s\open\src\hotspot\share\classfile\systemDictionary.cpp, line 327]
Event: 13.745 Thread 0x0000017d40457050 Exception <a 'java/lang/ClassNotFoundException'{0x0000000607edcf78}: java/lang/EnumCustomizer> (0x0000000607edcf78) 
thrown [s\open\src\hotspot\share\classfile\systemDictionary.cpp, line 327]
Event: 13.746 Thread 0x0000017d40457050 Exception <a 'java/lang/ClassNotFoundException'{0x0000000607ef18d0}: com/google/gms/googleservices/GoogleServicesPlugin$PluginTypeCustomizer> (0x0000000607ef18d0) 
thrown [s\open\src\hotspot\share\classfile\systemDictionary.cpp, line 327]
Event: 13.751 Thread 0x0000017d40457050 Exception <a 'java/lang/ClassNotFoundException'{0x0000000607f38ec0}: groovy/runtime/metaclass/[Lcom/google/gms/googleservices/GoogleServicesPlugin$PluginType;MetaClass> (0x0000000607f38ec0) 
thrown [s\open\src\hotspot\share\prims\jni.cpp, line 536]
Event: 13.753 Thread 0x0000017d40457050 Exception <a 'java/lang/ClassNotFoundException'{0x0000000607f49f70}: [Lcom/google/gms/googleservices/GoogleServicesPlugin$PluginType;BeanInfo> (0x0000000607f49f70) 
thrown [s\open\src\hotspot\share\prims\jni.cpp, line 536]
Event: 13.753 Thread 0x0000017d40457050 Exception <a 'java/lang/ClassNotFoundException'{0x0000000607f4bae8}: [Lcom/google/gms/googleservices/GoogleServicesPlugin$PluginType;BeanInfo> (0x0000000607f4bae8) 
thrown [s\open\src\hotspot\share\prims\jni.cpp, line 536]
Event: 13.753 Thread 0x0000017d40457050 Exception <a 'java/lang/ClassNotFoundException'{0x0000000607f4d660}: [Lcom/google/gms/googleservices/GoogleServicesPlugin$PluginType;BeanInfo> (0x0000000607f4d660) 
thrown [s\open\src\hotspot\share\prims\jni.cpp, line 536]
Event: 13.753 Thread 0x0000017d40457050 Exception <a 'java/lang/ClassNotFoundException'{0x0000000607f4f2e8}: [Lcom/google/gms/googleservices/GoogleServicesPlugin$PluginType;Customizer> (0x0000000607f4f2e8) 
thrown [s\open\src\hotspot\share\prims\jni.cpp, line 536]
Event: 13.753 Thread 0x0000017d40457050 Exception <a 'java/lang/ClassNotFoundException'{0x0000000607f50e68}: [Lcom/google/gms/googleservices/GoogleServicesPlugin$PluginType;Customizer> (0x0000000607f50e68) 
thrown [s\open\src\hotspot\share\prims\jni.cpp, line 536]
Event: 13.753 Thread 0x0000017d40457050 Exception <a 'java/lang/ClassNotFoundException'{0x0000000607f529e8}: [Lcom/google/gms/googleservices/GoogleServicesPlugin$PluginType;Customizer> (0x0000000607f529e8) 
thrown [s\open\src\hotspot\share\prims\jni.cpp, line 536]

VM Operations (20 events):
Event: 11.884 Executing VM operation: HandshakeAllThreads (Deoptimize) done
Event: 12.358 Executing VM operation: G1CollectForAllocation (G1 Evacuation Pause)
Event: 12.364 Executing VM operation: G1CollectForAllocation (G1 Evacuation Pause) done
Event: 12.402 Executing VM operation: G1PauseRemark
Event: 12.406 Executing VM operation: G1PauseRemark done
Event: 12.419 Executing VM operation: G1PauseCleanup
Event: 12.419 Executing VM operation: G1PauseCleanup done
Event: 12.877 Executing VM operation: G1CollectForAllocation (G1 Evacuation Pause)
Event: 12.880 Executing VM operation: G1CollectForAllocation (G1 Evacuation Pause) done
Event: 12.919 Executing VM operation: HandshakeAllThreads (Deoptimize)
Event: 12.919 Executing VM operation: HandshakeAllThreads (Deoptimize) done
Event: 12.932 Executing VM operation: HandshakeAllThreads (Deoptimize)
Event: 12.932 Executing VM operation: HandshakeAllThreads (Deoptimize) done
Event: 12.956 Executing VM operation: HandshakeAllThreads (Deoptimize)
Event: 12.956 Executing VM operation: HandshakeAllThreads (Deoptimize) done
Event: 12.957 Executing VM operation: HandshakeAllThreads (Deoptimize)
Event: 12.958 Executing VM operation: HandshakeAllThreads (Deoptimize) done
Event: 13.316 Executing VM operation: G1CollectForAllocation (G1 Evacuation Pause)
Event: 13.324 Executing VM operation: G1CollectForAllocation (G1 Evacuation Pause) done
Event: 13.760 Executing VM operation: G1CollectForAllocation (G1 Evacuation Pause)

Memory protections (0 events):
No events

Nmethod flushes (20 events):
Event: 12.405 Thread 0x0000017cf62b76d0 flushing  nmethod 0x0000017ccb535388
Event: 12.405 Thread 0x0000017cf62b76d0 flushing  nmethod 0x0000017ccb537888
Event: 12.405 Thread 0x0000017cf62b76d0 flushing  nmethod 0x0000017ccb580288
Event: 12.405 Thread 0x0000017cf62b76d0 flushing  nmethod 0x0000017ccb5c8508
Event: 12.405 Thread 0x0000017cf62b76d0 flushing  nmethod 0x0000017ccb73f388
Event: 12.405 Thread 0x0000017cf62b76d0 flushing  nmethod 0x0000017ccb73fa08
Event: 12.405 Thread 0x0000017cf62b76d0 flushing  nmethod 0x0000017ccb7e7b88
Event: 12.405 Thread 0x0000017cf62b76d0 flushing  nmethod 0x0000017ccbb9a088
Event: 12.405 Thread 0x0000017cf62b76d0 flushing  nmethod 0x0000017ccbbdef08
Event: 12.405 Thread 0x0000017cf62b76d0 flushing  nmethod 0x0000017ccbd17688
Event: 12.405 Thread 0x0000017cf62b76d0 flushing  nmethod 0x0000017ccbd18308
Event: 12.405 Thread 0x0000017cf62b76d0 flushing  nmethod 0x0000017ccbd18b88
Event: 12.405 Thread 0x0000017cf62b76d0 flushing  nmethod 0x0000017ccbd1b288
Event: 12.405 Thread 0x0000017cf62b76d0 flushing  nmethod 0x0000017ccbd35008
Event: 12.405 Thread 0x0000017cf62b76d0 flushing  nmethod 0x0000017ccbe2e588
Event: 12.405 Thread 0x0000017cf62b76d0 flushing  nmethod 0x0000017ccbe2f808
Event: 12.405 Thread 0x0000017cf62b76d0 flushing  nmethod 0x0000017ccbecfb88
Event: 12.405 Thread 0x0000017cf62b76d0 flushing  nmethod 0x0000017ccc12dc08
Event: 12.405 Thread 0x0000017cf62b76d0 flushing  nmethod 0x0000017ccc136d88
Event: 12.405 Thread 0x0000017cf62b76d0 flushing  nmethod 0x0000017ccc137188

Events (20 events):
Event: 11.062 Thread 0x0000017d40457050 Thread added: 0x0000017d433a7a50
Event: 11.063 Thread 0x0000017d40457050 Thread added: 0x0000017d433a88f0
Event: 11.063 Thread 0x0000017d40457050 Thread added: 0x0000017d433ab4d0
Event: 11.064 Thread 0x0000017d40457050 Thread added: 0x0000017d433a81a0
Event: 11.064 Thread 0x0000017d40457050 Thread added: 0x0000017d433ac370
Event: 11.065 Thread 0x0000017d40457050 Thread added: 0x0000017d433abc20
Event: 11.066 Thread 0x0000017d40457050 Thread added: 0x0000017d433acac0
Event: 11.066 Thread 0x0000017d40457050 Thread added: 0x0000017d404def80
Event: 11.067 Thread 0x0000017d40457050 Thread added: 0x0000017d404dbc50
Event: 11.068 Thread 0x0000017d40457050 Thread added: 0x0000017d404de830
Event: 11.068 Thread 0x0000017d40457050 Thread added: 0x0000017d404dd990
Event: 11.069 Thread 0x0000017d40457050 Thread added: 0x0000017d404de0e0
Event: 11.069 Thread 0x0000017d40457050 Thread added: 0x0000017d404dd240
Event: 11.070 Thread 0x0000017d40457050 Thread added: 0x0000017d404df6d0
Event: 11.084 Thread 0x0000017d3f5cf1b0 Thread added: 0x0000017d44429f00
Event: 11.136 Thread 0x0000017cf91bc7c0 Thread added: 0x0000017d44426a10
Event: 12.283 Thread 0x0000017d44426a10 Thread exited: 0x0000017d44426a10
Event: 12.283 Thread 0x0000017d44429f00 Thread exited: 0x0000017d44429f00
Event: 12.283 Thread 0x0000017d44428fe0 Thread exited: 0x0000017d44428fe0
Event: 12.531 Thread 0x0000017d44428850 Thread exited: 0x0000017d44428850


Dynamic libraries:
0x00007ff721e30000 - 0x00007ff721e40000 	C:\Program Files\Java\jdk-24\bin\java.exe
0x00007ff8a8260000 - 0x00007ff8a84c7000 	C:\Windows\SYSTEM32\ntdll.dll
0x00007ff8a6890000 - 0x00007ff8a6959000 	C:\Windows\System32\KERNEL32.DLL
0x00007ff8a52d0000 - 0x00007ff8a56c1000 	C:\Windows\System32\KERNELBASE.dll
0x00007ff8a4e90000 - 0x00007ff8a4fdb000 	C:\Windows\System32\ucrtbase.dll
0x00007ff87cbd0000 - 0x00007ff87cbe6000 	C:\Program Files\Java\jdk-24\bin\jli.dll
0x00007ff87c840000 - 0x00007ff87c85b000 	C:\Program Files\Java\jdk-24\bin\VCRUNTIME140.dll
0x00007ff8a75b0000 - 0x00007ff8a7775000 	C:\Windows\System32\USER32.dll
0x00007ff8a4fe0000 - 0x00007ff8a5007000 	C:\Windows\System32\win32u.dll
0x00007ff8717f0000 - 0x00007ff871a83000 	C:\Windows\WinSxS\amd64_microsoft.windows.common-controls_6595b64144ccf1df_6.0.26100.8037_none_3e092faae333b53b\COMCTL32.dll
0x00007ff8a6710000 - 0x00007ff8a673b000 	C:\Windows\System32\GDI32.dll
0x00007ff8a67d0000 - 0x00007ff8a6879000 	C:\Windows\System32\msvcrt.dll
0x00007ff8a4d60000 - 0x00007ff8a4e8b000 	C:\Windows\System32\gdi32full.dll
0x00007ff8a5010000 - 0x00007ff8a50b3000 	C:\Windows\System32\msvcp_win.dll
0x00007ff8a7570000 - 0x00007ff8a75a1000 	C:\Windows\System32\IMM32.DLL
0x00007ff8a2220000 - 0x00007ff8a222c000 	C:\Program Files\Java\jdk-24\bin\vcruntime140_1.dll
0x00007ff81ece0000 - 0x00007ff81ed6e000 	C:\Program Files\Java\jdk-24\bin\msvcp140.dll
0x00007fffe9860000 - 0x00007fffea602000 	C:\Program Files\Java\jdk-24\bin\server\jvm.dll
0x00007ff8a6000000 - 0x00007ff8a60bb000 	C:\Windows\System32\ADVAPI32.dll
0x00007ff8a74c0000 - 0x00007ff8a7567000 	C:\Windows\System32\sechost.dll
0x00007ff8a73a0000 - 0x00007ff8a74b8000 	C:\Windows\System32\RPCRT4.dll
0x00007ff8a6740000 - 0x00007ff8a67b4000 	C:\Windows\System32\WS2_32.dll
0x00007ff8a49a0000 - 0x00007ff8a49fe000 	C:\Windows\SYSTEM32\POWRPROF.dll
0x00007ff896d50000 - 0x00007ff896d85000 	C:\Windows\SYSTEM32\WINMM.dll
0x00007ff89d3d0000 - 0x00007ff89d3db000 	C:\Windows\SYSTEM32\VERSION.dll
0x00007ff8a4980000 - 0x00007ff8a4994000 	C:\Windows\SYSTEM32\UMPDC.dll
0x00007ff8a38d0000 - 0x00007ff8a38eb000 	C:\Windows\SYSTEM32\kernel.appcore.dll
0x00007ff89ea50000 - 0x00007ff89ea5a000 	C:\Program Files\Java\jdk-24\bin\jimage.dll
0x00007ff891560000 - 0x00007ff8917a2000 	C:\Windows\SYSTEM32\DBGHELP.DLL
0x00007ff8a60c0000 - 0x00007ff8a6442000 	C:\Windows\System32\combase.dll
0x00007ff8a6a60000 - 0x00007ff8a6b37000 	C:\Windows\System32\OLEAUT32.dll
0x00007ff8913d0000 - 0x00007ff89140b000 	C:\Windows\SYSTEM32\dbgcore.DLL
0x00007ff8a4cb0000 - 0x00007ff8a4d55000 	C:\Windows\System32\bcryptPrimitives.dll
0x00007ff88a3d0000 - 0x00007ff88a3df000 	C:\Program Files\Java\jdk-24\bin\instrument.dll
0x00007ff879200000 - 0x00007ff87921e000 	C:\Program Files\Java\jdk-24\bin\java.dll
0x00007ff8a7f70000 - 0x00007ff8a8105000 	C:\Windows\System32\ole32.dll
0x00007ff8a7780000 - 0x00007ff8a7edf000 	C:\Windows\System32\SHELL32.dll
0x00007ff8a4b40000 - 0x00007ff8a4caa000 	C:\Windows\System32\wintypes.dll
0x00007ff8a5790000 - 0x00007ff8a5ff4000 	C:\Windows\System32\windows.storage.dll
0x00007ff8a6960000 - 0x00007ff8a6a57000 	C:\Windows\System32\SHCORE.dll
0x00007ff8a6450000 - 0x00007ff8a64b7000 	C:\Windows\System32\shlwapi.dll
0x00007ff8a4a60000 - 0x00007ff8a4a89000 	C:\Windows\SYSTEM32\profapi.dll
0x00007ff8125d0000 - 0x00007ff8126a7000 	C:\Program Files\Java\jdk-24\bin\jsvml.dll
0x00007ff863580000 - 0x00007ff863597000 	C:\Program Files\Java\jdk-24\bin\zip.dll
0x00007ff88a240000 - 0x00007ff88a250000 	C:\Program Files\Java\jdk-24\bin\net.dll
0x00007ff8a3e40000 - 0x00007ff8a3eab000 	C:\Windows\system32\mswsock.dll
0x00007ff8611c0000 - 0x00007ff8611d6000 	C:\Program Files\Java\jdk-24\bin\nio.dll
0x00007ff884e80000 - 0x00007ff884e90000 	C:\Program Files\Java\jdk-24\bin\verify.dll
0x00007ff80ed30000 - 0x00007ff80ed57000 	C:\Users\Akash jogiya\.gradle\native\1def1411415f61bf3af743bc5b6707747c0891f09f0c88961ee8f79bc544acac\windows-amd64\native-platform.dll
0x00007ff80de70000 - 0x00007ff80dee8000 	C:\Users\Akash jogiya\.gradle\native\0.2.7\x86_64-windows-gnu\gradle-fileevents.dll
0x00007ff884bf0000 - 0x00007ff884bfa000 	C:\Program Files\Java\jdk-24\bin\management.dll
0x00007ff884a60000 - 0x00007ff884a6b000 	C:\Program Files\Java\jdk-24\bin\management_ext.dll
0x00007ff8a67c0000 - 0x00007ff8a67c8000 	C:\Windows\System32\PSAPI.DLL
0x00007ff8a3350000 - 0x00007ff8a3383000 	C:\Windows\SYSTEM32\IPHLPAPI.DLL
0x00007ff8a6880000 - 0x00007ff8a688a000 	C:\Windows\System32\NSI.dll
0x00007ff883d20000 - 0x00007ff883d29000 	C:\Program Files\Java\jdk-24\bin\extnet.dll
0x00007ff8a4120000 - 0x00007ff8a413b000 	C:\Windows\SYSTEM32\CRYPTSP.dll
0x00007ff8a3830000 - 0x00007ff8a3869000 	C:\Windows\system32\rsaenh.dll
0x00007ff8a3ef0000 - 0x00007ff8a3f22000 	C:\Windows\SYSTEM32\USERENV.dll
0x00007ff8a4a30000 - 0x00007ff8a4a5a000 	C:\Windows\SYSTEM32\bcrypt.dll
0x00007ff8a4140000 - 0x00007ff8a414c000 	C:\Windows\SYSTEM32\CRYPTBASE.dll
0x00007ff882790000 - 0x00007ff88279e000 	C:\Program Files\Java\jdk-24\bin\sunmscapi.dll
0x00007ff8a5150000 - 0x00007ff8a52c7000 	C:\Windows\System32\CRYPT32.dll
0x00007ff8a4340000 - 0x00007ff8a4370000 	C:\Windows\SYSTEM32\ncrypt.dll
0x00007ff8a42f0000 - 0x00007ff8a432f000 	C:\Windows\SYSTEM32\NTASN1.dll
0x00007ff89da70000 - 0x00007ff89da78000 	C:\Windows\system32\wshunix.dll
0x00007ff86bc30000 - 0x00007ff86bc48000 	C:\Windows\system32\napinsp.dll
0x00007ff8a3390000 - 0x00007ff8a34ba000 	C:\Windows\SYSTEM32\DNSAPI.dll
0x00007ff86b5b0000 - 0x00007ff86b5c2000 	C:\Windows\System32\winrnr.dll
0x00007ff86ae00000 - 0x00007ff86ae22000 	C:\Windows\system32\nlansp_c.dll
0x00007ff89c8a0000 - 0x00007ff89c8b6000 	C:\Windows\system32\wshbth.dll
0x00007ff89cfe0000 - 0x00007ff89cfeb000 	C:\Windows\System32\rasadhlp.dll
0x00007ff89e270000 - 0x00007ff89e2f6000 	C:\Windows\System32\fwpuclnt.dll

JVMTI agents:
C:\Users\Akash jogiya\.gradle\wrapper\dists\gradle-8.14-all\c2qonpi39x1mddn7hk5gh9iqj\gradle-8.14\lib\agents\gradle-instrumentation-agent-8.14.jar path:C:\Program Files\Java\jdk-24\bin\instrument.dll, loaded, initialized, instrumentlib options:none

dbghelp: loaded successfully - version: 4.0.5 - missing functions: none
symbol engine: initialized successfully - sym options: 0x614 - pdb path: .;C:\Program Files\Java\jdk-24\bin;C:\Windows\SYSTEM32;C:\Windows\WinSxS\amd64_microsoft.windows.common-controls_6595b64144ccf1df_6.0.26100.8037_none_3e092faae333b53b;C:\Program Files\Java\jdk-24\bin\server;C:\Users\Akash jogiya\.gradle\native\1def1411415f61bf3af743bc5b6707747c0891f09f0c88961ee8f79bc544acac\windows-amd64;C:\Users\Akash jogiya\.gradle\native\0.2.7\x86_64-windows-gnu

VM Arguments:
jvm_args: --add-opens=java.base/java.lang=ALL-UNNAMED --add-opens=java.base/java.lang.invoke=ALL-UNNAMED --add-opens=java.base/java.util=ALL-UNNAMED --add-opens=java.prefs/java.util.prefs=ALL-UNNAMED --add-exports=jdk.compiler/com.sun.tools.javac.api=ALL-UNNAMED --add-exports=jdk.compiler/com.sun.tools.javac.util=ALL-UNNAMED --add-opens=java.base/java.util=ALL-UNNAMED --add-opens=java.prefs/java.util.prefs=ALL-UNNAMED --add-opens=java.base/java.nio.charset=ALL-UNNAMED --add-opens=java.base/java.net=ALL-UNNAMED --add-opens=java.base/java.util.concurrent.atomic=ALL-UNNAMED --add-opens=java.xml/javax.xml.namespace=ALL-UNNAMED --enable-native-access=ALL-UNNAMED -XX:MaxMetaspaceSize=4G -XX:ReservedCodeCacheSize=512m -XX:+HeapDumpOnOutOfMemoryError -Xmx8G -Dfile.encoding=UTF-8 -Duser.country=IN -Duser.language=en -Duser.variant -javaagent:C:\Users\Akash jogiya\.gradle\wrapper\dists\gradle-8.14-all\c2qonpi39x1mddn7hk5gh9iqj\gradle-8.14\lib\agents\gradle-instrumentation-agent-8.14.jar 
java_command: org.gradle.launcher.daemon.bootstrap.GradleDaemon 8.14
java_class_path (initial): C:\Users\Akash jogiya\.gradle\wrapper\dists\gradle-8.14-all\c2qonpi39x1mddn7hk5gh9iqj\gradle-8.14\lib\gradle-daemon-main-8.14.jar
Launcher Type: SUN_STANDARD

[Global flags]
     intx CICompilerCount                          = 12                                        {product} {ergonomic}
     uint ConcGCThreads                            = 3                                         {product} {ergonomic}
     uint G1ConcRefinementThreads                  = 13                                        {product} {ergonomic}
   size_t G1HeapRegionSize                         = 4194304                                   {product} {ergonomic}
     bool HeapDumpOnOutOfMemoryError               = true                                   {manageable} {command line}
   size_t InitialHeapSize                          = 268435456                                 {product} {ergonomic}
   size_t MarkStackSize                            = 4194304                                   {product} {ergonomic}
   size_t MarkStackSizeMax                         = 536870912                                 {product} {ergonomic}
   size_t MaxHeapSize                              = 8589934592                                {product} {command line}
   size_t MaxMetaspaceSize                         = 4294967296                                {product} {command line}
   size_t MaxNewSize                               = 5150605312                                {product} {ergonomic}
   size_t MinHeapDeltaBytes                        = 4194304                                   {product} {ergonomic}
   size_t MinHeapSize                              = 8388608                                   {product} {ergonomic}
    uintx NonNMethodCodeHeapSize                   = 7602176                                {pd product} {ergonomic}
    uintx NonProfiledCodeHeapSize                  = 264699904                              {pd product} {ergonomic}
    uintx ProfiledCodeHeapSize                     = 264568832                              {pd product} {ergonomic}
    uintx ReservedCodeCacheSize                    = 536870912                              {pd product} {command line, ergonomic}
     bool SegmentedCodeCache                       = true                                      {product} {ergonomic}
   size_t SoftMaxHeapSize                          = 8589934592                             {manageable} {ergonomic}
     bool UseCompressedOops                        = true                           {product lp64_product} {ergonomic}
     bool UseG1GC                                  = true                                      {product} {ergonomic}
     bool UseLargePagesIndividualAllocation        = false                                  {pd product} {ergonomic}

Logging:
Log output configuration:
 #0: stdout all=warning uptime,level,tags foldmultilines=false
 #1: stderr all=off uptime,level,tags foldmultilines=false

Environment Variables:
PATH=C:\Users\Akash jogiya\AppData\Local\Programs\Microsoft VS Code;C:\Program Files\Common Files\Oracle\Java\javapath;C:\Windows\system32;C:\Windows;C:\Windows\System32\Wbem;C:\Windows\System32\WindowsPowerShell\v1.0\;C:\Windows\System32\OpenSSH\;C:\Program Files (x86)\NVIDIA Corporation\PhysX\Common;C:\Program Files\dotnet\;C:\Program Files\Java\jdk-24\bin;C:\Users\Akash jogiya\AppData\Local\Programs\Python\Python313\Scripts\;C:\Program Files\nodejs\;C:\Program Files\NVIDIA Corporation\NVIDIA App\NvDLISR;C:\Program Files\Docker\Docker\resources\bin;E:\Flutter\flutter\bin;E:\git hub\Git\cmd;E:\git hub\Git\bin;C:\Users\Akash jogiya\AppData\Local\Programs\Python\Python313\Scripts\;C:\Users\Akash jogiya\AppData\Local\Programs\Python\Python313\;C:\Users\Akash jogiya\AppData\Local\Microsoft\WindowsApps;C:\Users\Akash jogiya\AppData\Local\Programs\Microsoft VS Code\bin;C:\Program Files\Java\jdk-24\bin;C:\Users\Akash jogiya\AppData\Roaming\npm;C:\Program Files\nodejs\node_modules\npm\bin;E:\Flutter\flutter\bin;E:\git hub\Git\bin;
USERNAME=Akash jogiya
OS=Windows_NT
PROCESSOR_IDENTIFIER=AMD64 Family 25 Model 68 Stepping 1, AuthenticAMD
TMP=C:\Users\AKASHJ~1\AppData\Local\Temp
TEMP=C:\Users\AKASHJ~1\AppData\Local\Temp




Periodic native trim disabled

---------------  S Y S T E M  ---------------

OS:
 Windows 11 , 64 bit Build 26100 (10.0.26100.7920)
OS uptime: 0 days 20:51 hours
Hyper-V role detected

CPU: total 16 (initial active 16) (16 cores per cpu, 2 threads per core) family 25 model 68 stepping 1 microcode 0xa404107, cx8, cmov, fxsr, ht, mmx, 3dnowpref, sse, sse2, sse3, ssse3, sse4a, sse4.1, sse4.2, popcnt, lzcnt, tsc, tscinvbit, avx, avx2, aes, erms, clmul, bmi1, bmi2, adx, sha, fma, vzeroupper, clflush, clflushopt, hv, rdtscp, rdpid, fsrm, f16c, cet_ss
Processor Information for processor 0
  Max Mhz: 3100, Current Mhz: 2002, Mhz Limit: 3100
Processor Information for processor 1
  Max Mhz: 3100, Current Mhz: 3100, Mhz Limit: 3100
Processor Information for processor 2
  Max Mhz: 3100, Current Mhz: 2002, Mhz Limit: 3100
Processor Information for processor 3
  Max Mhz: 3100, Current Mhz: 2002, Mhz Limit: 3100
Processor Information for processor 4
  Max Mhz: 3100, Current Mhz: 2002, Mhz Limit: 3100
Processor Information for processor 5
  Max Mhz: 3100, Current Mhz: 2002, Mhz Limit: 3100
Processor Information for processor 6
  Max Mhz: 3100, Current Mhz: 3100, Mhz Limit: 3100
Processor Information for processor 7
  Max Mhz: 3100, Current Mhz: 2002, Mhz Limit: 3100
Processor Information for processor 8
  Max Mhz: 3100, Current Mhz: 2002, Mhz Limit: 3100
Processor Information for processor 9
  Max Mhz: 3100, Current Mhz: 2002, Mhz Limit: 3100
Processor Information for processor 10
  Max Mhz: 3100, Current Mhz: 3100, Mhz Limit: 3100
Processor Information for processor 11
  Max Mhz: 3100, Current Mhz: 3100, Mhz Limit: 3100
Processor Information for processor 12
  Max Mhz: 3100, Current Mhz: 2002, Mhz Limit: 3100
Processor Information for processor 13
  Max Mhz: 3100, Current Mhz: 2002, Mhz Limit: 3100
Processor Information for processor 14
  Max Mhz: 3100, Current Mhz: 3100, Mhz Limit: 3100
Processor Information for processor 15
  Max Mhz: 3100, Current Mhz: 2002, Mhz Limit: 3100

Memory: 4k page, system-wide physical 16202M (2756M free)
TotalPageFile size 20222M (AvailPageFile size 38M)
current process WorkingSet (physical memory assigned to process): 450M, peak: 452M
current process commit charge ("private bytes"): 506M, peak: 544M

vm_info: Java HotSpot(TM) 64-Bit Server VM (24.0.1+9-30) for windows-amd64 JRE (24.0.1+9-30), built on 2025-03-05T07:23:45Z with MS VC++ 17.6 (VS2022)

END.
